#
# There is insufficient memory for the Java Runtime Environment to continue.
# Native memory allocation (malloc) failed to allocate 32744 bytes for ChunkPool::allocate
# Possible reasons:
#   The system is out of physical RAM or swap space
#   The process is running with CompressedOops enabled, and the Java Heap may be blocking the growth of the native heap
# Possible solutions:
#   Reduce memory load on the system
#   Increase physical memory or swap space
#   Check if swap backing store is full
#   Decrease Java heap size (-Xmx/-Xms)
#   Decrease number of Java threads
#   Decrease Java thread stack sizes (-Xss)
#   Set larger code cache with -XX:ReservedCodeCacheSize=
#   JVM is running with Zero Based Compressed Oops mode in which the Java heap is
#     placed in the first 32GB address space. The Java Heap base address is the
#     maximum limit for the native heap growth. Please use -XX:HeapBaseMinAddress
#     to set the Java Heap base and to place the Java Heap above 32GB virtual address.
# This output file may be truncated or incomplete.
#
#  Out of Memory Error (allocation.cpp:272), pid=7580, tid=0x00000000000014fc
#
# JRE version: Java(TM) SE Runtime Environment (8.0_241-b07) (build 1.8.0_241-b07)
# Java VM: Java HotSpot(TM) 64-Bit Server VM (25.241-b07 mixed mode windows-amd64 compressed oops)
# Failed to write core dump. Minidumps are not enabled by default on client versions of Windows
#

---------------  T H R E A D  ---------------

Current thread (0x0000000019da8800):  JavaThread "C1 CompilerThread2" daemon [_thread_in_native, id=5372, stack(0x000000001bbb0000,0x000000001bcb0000)]

Stack: [0x000000001bbb0000,0x000000001bcb0000]
[error occurred during error reporting (printing stack bounds), id 0xc0000005]

Native frames: (J=compiled Java code, j=interpreted, Vv=VM code, C=native code)


Current CompileTask:
C1:  51526 5864   !   3       org.gradle.internal.remote.internal.inet.SocketConnection::
[error occurred during error reporting (printing current compile task), id 0xe0000001]


---------------  P R O C E S S  ---------------

Java Threads: ( => current thread )
  0x0000000022844000 JavaThread "Exec process Thread 3" [_thread_in_native, id=7288, stack(0x0000000029200000,0x0000000029300000)]
  0x0000000022842800 JavaThread "Exec process Thread 2" [_thread_in_native, id=2060, stack(0x0000000029100000,0x0000000029200000)]
  0x0000000022843000 JavaThread "Exec process" [_thread_in_native, id=4316, stack(0x00000000262c0000,0x00000000263c0000)]
  0x000000002283b000 JavaThread "Cache worker for Build Output Cleanup Cache (D:\forge-1.12.2-14.23.5.2860-mdk\.gradle\buildOutputCleanup)" [_thread_blocked, id=812, stack(0x000000002a2c0000,0x000000002a3c0000)]
  0x0000000022841800 JavaThread "Cache worker for task history cache (D:\forge-1.12.2-14.23.5.2860-mdk\.gradle\4.9\taskHistory)" [_thread_blocked, id=988, stack(0x000000002a1c0000,0x000000002a2c0000)]
  0x0000000022841000 JavaThread "Task worker for ':' Thread 3" [_thread_blocked, id=12008, stack(0x0000000029bd0000,0x0000000029cd0000)]
  0x0000000022839800 JavaThread "Task worker for ':' Thread 2" [_thread_blocked, id=3284, stack(0x0000000029ad0000,0x0000000029bd0000)]
  0x0000000022840000 JavaThread "Task worker for ':'" [_thread_blocked, id=4296, stack(0x0000000000b30000,0x0000000000c30000)]
  0x000000002283f800 JavaThread "Cache worker for file content cache (D:\forge-1.12.2-14.23.5.2860-mdk\.gradle\4.9\fileContent)" [_thread_blocked, id=1196, stack(0x0000000028c00000,0x0000000028d00000)]
  0x000000002283e800 JavaThread "Cache worker for file content cache (C:\Users\Admin\.gradle\caches\4.9\fileContent)" [_thread_blocked, id=3488, stack(0x0000000028b00000,0x0000000028c00000)]
  0x000000002283b800 JavaThread "Memory manager" [_thread_blocked, id=8752, stack(0x00000000275f0000,0x00000000276f0000)]
  0x000000002283d000 JavaThread "Build operations Thread 4" [_thread_blocked, id=1332, stack(0x0000000025ac0000,0x0000000025bc0000)]
  0x000000002283a000 JavaThread "Build operations Thread 3" [_thread_blocked, id=6448, stack(0x00000000259c0000,0x0000000025ac0000)]
  0x000000001d364800 JavaThread "Build operations Thread 2" [_thread_blocked, id=7512, stack(0x00000000258c0000,0x00000000259c0000)]
  0x000000001d362800 JavaThread "Build operations" [_thread_blocked, id=11288, stack(0x0000000024180000,0x0000000024280000)]
  0x000000001d361000 JavaThread "Cache worker for Artifact transforms cache (C:\Users\Admin\.gradle\caches\transforms-1)" [_thread_blocked, id=7272, stack(0x0000000022000000,0x0000000022100000)]
  0x000000001d364000 JavaThread "Cache worker for cache directory md-rule (C:\Users\Admin\.gradle\caches\4.9\md-rule)" [_thread_blocked, id=11524, stack(0x0000000021f00000,0x0000000022000000)]
  0x000000001d366000 JavaThread "Cache worker for cache directory md-supplier (C:\Users\Admin\.gradle\caches\4.9\md-supplier)" [_thread_blocked, id=9372, stack(0x0000000020dd0000,0x0000000020ed0000)]
  0x000000001d367800 JavaThread "Cache worker for file hash cache (D:\forge-1.12.2-14.23.5.2860-mdk\.gradle\4.9\fileHashes)" [_thread_blocked, id=11536, stack(0x000000001f900000,0x000000001fa00000)]
  0x000000001d365800 JavaThread "File lock request listener" [_thread_in_native, id=9548, stack(0x000000001f800000,0x000000001f900000)]
  0x000000001d367000 JavaThread "Cache worker for file hash cache (C:\Users\Admin\.gradle\caches\4.9\fileHashes)" [_thread_blocked, id=7088, stack(0x000000001f600000,0x000000001f700000)]
  0x000000001d20e800 JavaThread "Stdin handler" [_thread_blocked, id=1324, stack(0x000000001e330000,0x000000001e430000)]
  0x000000001d21a800 JavaThread "Asynchronous log dispatcher for DefaultDaemonConnection: socket connection from /127.0.0.1:50873 to /127.0.0.1:50874" [_thread_blocked, id=8892, stack(0x000000001e230000,0x000000001e330000)]
  0x000000001c740800 JavaThread "Daemon worker" [_thread_blocked, id=2072, stack(0x000000001e130000,0x000000001e230000)]
  0x000000001c740000 JavaThread "Cancel handler" [_thread_blocked, id=1040, stack(0x000000001e030000,0x000000001e130000)]
  0x000000001c75a000 JavaThread "Handler for socket connection from /127.0.0.1:50873 to /127.0.0.1:50874" [_thread_in_native, id=10340, stack(0x000000001dd30000,0x000000001de30000)]
  0x000000001b44d000 JavaThread "Daemon periodic checks" [_thread_blocked, id=5364, stack(0x000000001dc30000,0x000000001dd30000)]
  0x000000001b372800 JavaThread "Daemon" [_thread_blocked, id=8788, stack(0x000000001db30000,0x000000001dc30000)]
  0x000000001b347000 JavaThread "Incoming local TCP Connector on port 50873" [_thread_in_native, id=7924, stack(0x000000001d980000,0x000000001da80000)]
  0x000000001cf38800 JavaThread "Daemon health stats" [_thread_blocked, id=11916, stack(0x000000001d680000,0x000000001d780000)]
  0x0000000019dad800 JavaThread "Service Thread" daemon [_thread_blocked, id=7612, stack(0x000000001bcb0000,0x000000001bdb0000)]
=>0x0000000019da8800 JavaThread "C1 CompilerThread2" daemon [_thread_in_native, id=5372, stack(0x000000001bbb0000,0x000000001bcb0000)]
  0x0000000019da2000 JavaThread "C2 CompilerThread1" daemon [_thread_blocked, id=4340, stack(0x000000001bab0000,0x000000001bbb0000)]
  0x0000000019d9c800 JavaThread "C2 CompilerThread0" daemon [_thread_blocked, id=7276, stack(0x000000001b9b0000,0x000000001bab0000)]
  0x0000000019d8b000 JavaThread "JDWP Command Reader" daemon [_thread_in_native, id=4348, stack(0x000000001b8b0000,0x000000001b9b0000)]
  0x0000000019d87800 JavaThread "JDWP Event Helper Thread" daemon [_thread_blocked, id=5692, stack(0x000000001b7b0000,0x000000001b8b0000)]
  0x0000000019d7c000 JavaThread "JDWP Transport Listener: dt_socket" daemon [_thread_blocked, id=6152, stack(0x000000001b6b0000,0x000000001b7b0000)]
  0x0000000019d64000 JavaThread "Attach Listener" daemon [_thread_blocked, id=8668, stack(0x000000001b5b0000,0x000000001b6b0000)]
  0x0000000019d4c800 JavaThread "Signal Dispatcher" daemon [_thread_blocked, id=8100, stack(0x000000001b4b0000,0x000000001b5b0000)]
  0x0000000002bd8800 JavaThread "Finalizer" daemon [_thread_blocked, id=480, stack(0x000000001afb0000,0x000000001b0b0000)]
  0x0000000019d3a000 JavaThread "Reference Handler" daemon [_thread_blocked, id=11424, stack(0x000000001aeb0000,0x000000001afb0000)]
  0x0000000002ae4000 JavaThread "main" [_thread_blocked, id=3184, stack(0x00000000029e0000,0x0000000002ae0000)]

Other Threads:
  0x0000000019d18800 VMThread [stack: 0x000000001adb0000,0x000000001aeb0000] [id=8424]
  0x000000001b16d000 WatcherThread [stack: 0x000000001bdb0000,0x000000001beb0000] [id=9280]

VM state:not at safepoint (normal execution)

VM Mutex/Monitor currently owned by a thread: None

heap address: 0x0000000700000000, size: 3072 MB, Compressed Oops mode: Zero based, Oop shift amount: 3
Narrow klass base: 0x0000000000000000, Narrow klass shift: 3
Compressed class space size: 1073741824 Address: 0x00000007c0000000

Heap:
 PSYoungGen      total 213504K, used 132885K [0x0000000780000000, 0x000000078dc00000, 0x00000007c0000000)
  eden space 201728K, 64% used [0x0000000780000000,0x0000000787e81680,0x000000078c500000)
  from space 11776K, 28% used [0x000000078d080000,0x000000078d3c4080,0x000000078dc00000)
  to   space 11776K, 0% used [0x000000078c500000,0x000000078c500000,0x000000078d080000)
 ParOldGen       total 78336K, used 29462K [0x0000000700000000, 0x0000000704c80000, 0x0000000780000000)
  object space 78336K, 37% used [0x0000000700000000,0x0000000701cc59e0,0x0000000704c80000)
 Metaspace       used 48446K, capacity 49500K, committed 49576K, reserved 1091584K
  class space    used 6809K, capacity 7082K, committed 7088K, reserved 1048576K

Card table byte_map: [0x0000000011fa0000,0x00000000125b0000] byte_map_base: 0x000000000e7a0000

Marking Bits: (ParMarkBitMap*) 0x000000007512be30
 Begin Bits: [0x0000000012db0000, 0x0000000015db0000)
 End Bits:   [0x0000000015db0000, 0x0000000018db0000)

Polling page: 0x0000000000c80000

CodeCache: size=245760Kb used=18732Kb max_used=18735Kb free=227027Kb
 bounds [0x0000000002be0000, 0x0000000003e50000, 0x0000000011be0000]
 total_blobs=5931 nmethods=5160 adapters=690
 compilation: enabled

Compilation events (10 events):
Event: 50.692 Thread 0x0000000019da8800 nmethod 5860 0x0000000003e44dd0 code [0x0000000003e44f40, 0x0000000003e452c8]
Event: 50.692 Thread 0x0000000019da8800 5859       3       java.nio.DirectByteBuffer::put (126 bytes)
Event: 50.694 Thread 0x0000000019da8800 nmethod 5859 0x0000000003e440d0 code [0x0000000003e442c0, 0x0000000003e44a48]
Event: 50.694 Thread 0x0000000019da8800 5861       3       org.gradle.internal.operations.OperationIdentifier::getId (5 bytes)
Event: 50.695 Thread 0x0000000019da8800 nmethod 5861 0x0000000003e43d90 code [0x0000000003e43ee0, 0x0000000003e44030]
Event: 51.517 Thread 0x0000000019da8800 5862       3       org.gradle.internal.logging.text.AbstractLineChoppingStyledTextOutput$1::execute (9 bytes)
Event: 51.518 Thread 0x0000000019da8800 nmethod 5862 0x0000000003e43850 code [0x0000000003e439c0, 0x0000000003e43cc8]
Event: 51.519 Thread 0x0000000019da8800 5863       3       org.gradle.launcher.daemon.protocol.Message::<init> (5 bytes)
Event: 51.520 Thread 0x0000000019da8800 nmethod 5863 0x0000000003e43490 code [0x0000000003e435e0, 0x0000000003e43790]
Event: 51.520 Thread 0x0000000019da8800 5864   !   3       org.gradle.internal.remote.internal.inet.SocketConnection::dispatch (134 bytes)

GC Heap History (10 events):
Event: 29.131 GC heap before
{Heap before GC invocations=14 (full 2):
 PSYoungGen      total 90112K, used 86041K [0x0000000780000000, 0x0000000787e80000, 0x00000007c0000000)
  eden space 79360K, 99% used [0x0000000780000000,0x0000000784d6f750,0x0000000784d80000)
  from space 10752K, 62% used [0x0000000784d80000,0x0000000785416dd8,0x0000000785800000)
  to   space 10240K, 0% used [0x0000000787480000,0x0000000787480000,0x0000000787e80000)
 ParOldGen       total 78336K, used 15435K [0x0000000700000000, 0x0000000704c80000, 0x0000000780000000)
  object space 78336K, 19% used [0x0000000700000000,0x0000000700f12f90,0x0000000704c80000)
 Metaspace       used 42973K, capacity 43838K, committed 43944K, reserved 1087488K
  class space    used 6005K, capacity 6295K, committed 6320K, reserved 1048576K
Event: 29.152 GC heap after
Heap after GC invocations=14 (full 2):
 PSYoungGen      total 119296K, used 5546K [0x0000000780000000, 0x0000000787f00000, 0x00000007c0000000)
  eden space 109056K, 0% used [0x0000000780000000,0x0000000780000000,0x0000000786a80000)
  from space 10240K, 54% used [0x0000000787480000,0x00000007879eabd8,0x0000000787e80000)
  to   space 10240K, 0% used [0x0000000786a80000,0x0000000786a80000,0x0000000787480000)
 ParOldGen       total 78336K, used 19301K [0x0000000700000000, 0x0000000704c80000, 0x0000000780000000)
  object space 78336K, 24% used [0x0000000700000000,0x00000007012d96c8,0x0000000704c80000)
 Metaspace       used 42973K, capacity 43838K, committed 43944K, reserved 1087488K
  class space    used 6005K, capacity 6295K, committed 6320K, reserved 1048576K
}
Event: 30.193 GC heap before
{Heap before GC invocations=15 (full 2):
 PSYoungGen      total 119296K, used 114602K [0x0000000780000000, 0x0000000787f00000, 0x00000007c0000000)
  eden space 109056K, 100% used [0x0000000780000000,0x0000000786a80000,0x0000000786a80000)
  from space 10240K, 54% used [0x0000000787480000,0x00000007879eabd8,0x0000000787e80000)
  to   space 10240K, 0% used [0x0000000786a80000,0x0000000786a80000,0x0000000787480000)
 ParOldGen       total 78336K, used 19301K [0x0000000700000000, 0x0000000704c80000, 0x0000000780000000)
  object space 78336K, 24% used [0x0000000700000000,0x00000007012d96c8,0x0000000704c80000)
 Metaspace       used 45472K, capacity 46510K, committed 46632K, reserved 1089536K
  class space    used 6362K, capacity 6665K, committed 6704K, reserved 1048576K
Event: 30.206 GC heap after
Heap after GC invocations=15 (full 2):
 PSYoungGen      total 119296K, used 2080K [0x0000000780000000, 0x000000078a700000, 0x00000007c0000000)
  eden space 109056K, 0% used [0x0000000780000000,0x0000000780000000,0x0000000786a80000)
  from space 10240K, 20% used [0x0000000786a80000,0x0000000786c88000,0x0000000787480000)
  to   space 10240K, 0% used [0x0000000789d00000,0x0000000789d00000,0x000000078a700000)
 ParOldGen       total 78336K, used 22985K [0x0000000700000000, 0x0000000704c80000, 0x0000000780000000)
  object space 78336K, 29% used [0x0000000700000000,0x0000000701672718,0x0000000704c80000)
 Metaspace       used 45472K, capacity 46510K, committed 46632K, reserved 1089536K
  class space    used 6362K, capacity 6665K, committed 6704K, reserved 1048576K
}
Event: 32.112 GC heap before
{Heap before GC invocations=16 (full 2):
 PSYoungGen      total 119296K, used 107497K [0x0000000780000000, 0x000000078a700000, 0x00000007c0000000)
  eden space 109056K, 96% used [0x0000000780000000,0x00000007866f2758,0x0000000786a80000)
  from space 10240K, 20% used [0x0000000786a80000,0x0000000786c88000,0x0000000787480000)
  to   space 10240K, 0% used [0x0000000789d00000,0x0000000789d00000,0x000000078a700000)
 ParOldGen       total 78336K, used 22985K [0x0000000700000000, 0x0000000704c80000, 0x0000000780000000)
  object space 78336K, 29% used [0x0000000700000000,0x0000000701672718,0x0000000704c80000)
 Metaspace       used 47594K, capacity 48630K, committed 48808K, reserved 1091584K
  class space    used 6716K, capacity 6997K, committed 7088K, reserved 1048576K
Event: 32.141 GC heap after
Heap after GC invocations=16 (full 2):
 PSYoungGen      total 159232K, used 9883K [0x0000000780000000, 0x000000078ab00000, 0x00000007c0000000)
  eden space 148992K, 0% used [0x0000000780000000,0x0000000780000000,0x0000000789180000)
  from space 10240K, 96% used [0x0000000789d00000,0x000000078a6a6ee8,0x000000078a700000)
  to   space 11776K, 0% used [0x0000000789180000,0x0000000789180000,0x0000000789d00000)
 ParOldGen       total 78336K, used 24265K [0x0000000700000000, 0x0000000704c80000, 0x0000000780000000)
  object space 78336K, 30% used [0x0000000700000000,0x00000007017b2768,0x0000000704c80000)
 Metaspace       used 47594K, capacity 48630K, committed 48808K, reserved 1091584K
  class space    used 6716K, capacity 6997K, committed 7088K, reserved 1048576K
}
Event: 38.586 GC heap before
{Heap before GC invocations=17 (full 2):
 PSYoungGen      total 159232K, used 158872K [0x0000000780000000, 0x000000078ab00000, 0x00000007c0000000)
  eden space 148992K, 99% used [0x0000000780000000,0x000000078917f488,0x0000000789180000)
  from space 10240K, 96% used [0x0000000789d00000,0x000000078a6a6ee8,0x000000078a700000)
  to   space 11776K, 0% used [0x0000000789180000,0x0000000789180000,0x0000000789d00000)
 ParOldGen       total 78336K, used 24265K [0x0000000700000000, 0x0000000704c80000, 0x0000000780000000)
  object space 78336K, 30% used [0x0000000700000000,0x00000007017b2768,0x0000000704c80000)
 Metaspace       used 48181K, capacity 49236K, committed 49320K, reserved 1091584K
  class space    used 6783K, capacity 7040K, committed 7088K, reserved 1048576K
Event: 38.594 GC heap after
Heap after GC invocations=17 (full 2):
 PSYoungGen      total 160768K, used 1971K [0x0000000780000000, 0x000000078dc00000, 0x00000007c0000000)
  eden space 148992K, 0% used [0x0000000780000000,0x0000000780000000,0x0000000789180000)
  from space 11776K, 16% used [0x0000000789180000,0x000000078936cd50,0x0000000789d00000)
  to   space 11776K, 0% used [0x000000078d080000,0x000000078d080000,0x000000078dc00000)
 ParOldGen       total 78336K, used 28705K [0x0000000700000000, 0x0000000704c80000, 0x0000000780000000)
  object space 78336K, 36% used [0x0000000700000000,0x0000000701c084e8,0x0000000704c80000)
 Metaspace       used 48181K, capacity 49236K, committed 49320K, reserved 1091584K
  class space    used 6783K, capacity 7040K, committed 7088K, reserved 1048576K
}
Event: 39.127 GC heap before
{Heap before GC invocations=18 (full 2):
 PSYoungGen      total 160768K, used 149821K [0x0000000780000000, 0x000000078dc00000, 0x00000007c0000000)
  eden space 148992K, 99% used [0x0000000780000000,0x0000000789062a70,0x0000000789180000)
  from space 11776K, 16% used [0x0000000789180000,0x000000078936cd50,0x0000000789d00000)
  to   space 11776K, 0% used [0x000000078d080000,0x000000078d080000,0x000000078dc00000)
 ParOldGen       total 78336K, used 28705K [0x0000000700000000, 0x0000000704c80000, 0x0000000780000000)
  object space 78336K, 36% used [0x0000000700000000,0x0000000701c084e8,0x0000000704c80000)
 Metaspace       used 48184K, capacity 49236K, committed 49320K, reserved 1091584K
  class space    used 6784K, capacity 7040K, committed 7088K, reserved 1048576K
Event: 39.132 GC heap after
Heap after GC invocations=18 (full 2):
 PSYoungGen      total 213504K, used 3344K [0x0000000780000000, 0x000000078dc00000, 0x00000007c0000000)
  eden space 201728K, 0% used [0x0000000780000000,0x0000000780000000,0x000000078c500000)
  from space 11776K, 28% used [0x000000078d080000,0x000000078d3c4080,0x000000078dc00000)
  to   space 11776K, 0% used [0x000000078c500000,0x000000078c500000,0x000000078d080000)
 ParOldGen       total 78336K, used 29462K [0x0000000700000000, 0x0000000704c80000, 0x0000000780000000)
  object space 78336K, 37% used [0x0000000700000000,0x0000000701cc59e0,0x0000000704c80000)
 Metaspace       used 48184K, capacity 49236K, committed 49320K, reserved 1091584K
  class space    used 6784K, capacity 7040K, committed 7088K, reserved 1048576K
}

Deoptimization events (10 events):
Event: 38.024 Thread 0x000000001c740800 Uncommon trap: reason=unstable_if action=reinterpret pc=0x0000000003d6ae1c method=org.apache.commons.io.IOUtils.contentEquals(Ljava/io/InputStream;Ljava/io/InputStream;)Z @ 39
Event: 38.024 Thread 0x000000001c740800 Uncommon trap: reason=class_check action=maybe_recompile pc=0x0000000002e0c1d8 method=com.google.common.collect.AbstractMapBasedMultimap$WrappedCollection.refreshIfEmpty()V @ 59
Event: 38.024 Thread 0x000000001c740800 Uncommon trap: reason=class_check action=maybe_recompile pc=0x0000000003a554e8 method=com.google.common.collect.AbstractMapBasedMultimap$WrappedCollection.refreshIfEmpty()V @ 59
Event: 38.024 Thread 0x000000001c740800 Uncommon trap: reason=class_check action=maybe_recompile pc=0x0000000003a554e8 method=com.google.common.collect.AbstractMapBasedMultimap$WrappedCollection.refreshIfEmpty()V @ 59
Event: 39.519 Thread 0x0000000022839800 Uncommon trap: reason=class_check action=maybe_recompile pc=0x0000000002e0c1d8 method=com.google.common.collect.AbstractMapBasedMultimap$WrappedCollection.refreshIfEmpty()V @ 59
Event: 39.519 Thread 0x0000000022839800 Uncommon trap: reason=class_check action=maybe_recompile pc=0x0000000003a554e8 method=com.google.common.collect.AbstractMapBasedMultimap$WrappedCollection.refreshIfEmpty()V @ 59
Event: 40.313 Thread 0x0000000022842800 Uncommon trap: reason=unstable_if action=reinterpret pc=0x0000000003b92174 method=sun.nio.cs.UTF_8$Decoder.decodeArrayLoop(Ljava/nio/ByteBuffer;Ljava/nio/CharBuffer;)Ljava/nio/charset/CoderResult; @ 84
Event: 40.322 Thread 0x000000001d21a800 Uncommon trap: reason=unstable_if action=reinterpret pc=0x0000000002e13e40 method=com.esotericsoftware.kryo.io.Output.writeString(Ljava/lang/CharSequence;)V @ 83
Event: 51.514 Thread 0x0000000022844000 Uncommon trap: reason=unstable_if action=reinterpret pc=0x00000000030319d8 method=org.gradle.internal.logging.text.AbstractLineChoppingStyledTextOutput$2.execute(Lorg/gradle/internal/logging/text/AbstractLineChoppingStyledTextOutput$StateContext;)V @ 30
Event: 51.515 Thread 0x0000000022844000 Uncommon trap: reason=unstable_if action=reinterpret pc=0x0000000002ff599c method=org.gradle.internal.logging.text.AbstractLineChoppingStyledTextOutput$2.execute(Lorg/gradle/internal/logging/text/AbstractLineChoppingStyledTextOutput$StateContext;)V @ 30

Classes redefined (0 events):
No events

Internal exceptions (10 events):
Event: 31.381 Thread 0x000000001c740800 Exception <a 'java/lang/NoSuchMethodError': <clinit>> (0x00000007829910b8) thrown at [C:\ade\jenkins\workspace\8-2-build-windows-amd64-cygwin\jdk8u241\331\hotspot\src\share\vm\prims\jni.cpp, line 1614]
Event: 31.388 Thread 0x000000001c740800 Exception <a 'java/lang/NoSuchMethodError': <clinit>> (0x00000007829a5f50) thrown at [C:\ade\jenkins\workspace\8-2-build-windows-amd64-cygwin\jdk8u241\331\hotspot\src\share\vm\prims\jni.cpp, line 1614]
Event: 37.892 Thread 0x000000001c740800 Exception <a 'java/lang/NoSuchMethodError': <clinit>> (0x000000078507d288) thrown at [C:\ade\jenkins\workspace\8-2-build-windows-amd64-cygwin\jdk8u241\331\hotspot\src\share\vm\prims\jni.cpp, line 1614]
Event: 37.901 Thread 0x000000001c740800 Exception <a 'java/lang/NoSuchMethodError': <clinit>> (0x00000007850a0a78) thrown at [C:\ade\jenkins\workspace\8-2-build-windows-amd64-cygwin\jdk8u241\331\hotspot\src\share\vm\prims\jni.cpp, line 1614]
Event: 37.901 Thread 0x000000001c740800 Exception <a 'java/lang/NoSuchMethodError': <clinit>> (0x00000007850a28e0) thrown at [C:\ade\jenkins\workspace\8-2-build-windows-amd64-cygwin\jdk8u241\331\hotspot\src\share\vm\prims\jni.cpp, line 1614]
Event: 37.901 Thread 0x000000001c740800 Exception <a 'java/lang/NoSuchMethodError': <clinit>> (0x00000007850a45b0) thrown at [C:\ade\jenkins\workspace\8-2-build-windows-amd64-cygwin\jdk8u241\331\hotspot\src\share\vm\prims\jni.cpp, line 1614]
Event: 39.585 Thread 0x000000001c740800 Exception <a 'java/lang/ClassNotFoundException': com/intellij/openapi/externalSystem/rt/execution/ForkedDebuggerHelperBeanInfo> (0x0000000787455378) thrown at [C:\ade\jenkins\workspace\8-2-build-windows-amd64-cygwin\jdk8u241\331\hotspot\src\share\vm\class
Event: 39.586 Thread 0x000000001c740800 Exception <a 'java/lang/ClassNotFoundException': com/intellij/openapi/externalSystem/rt/execution/ForkedDebuggerHelperCustomizer> (0x000000078745dff8) thrown at [C:\ade\jenkins\workspace\8-2-build-windows-amd64-cygwin\jdk8u241\331\hotspot\src\share\vm\cla
Event: 39.632 Thread 0x000000001c740800 Exception <a 'java/lang/ClassNotFoundException': org/gradle/api/internal/file/UnionFileCollectionBeanInfo> (0x00000007874f6ee8) thrown at [C:\ade\jenkins\workspace\8-2-build-windows-amd64-cygwin\jdk8u241\331\hotspot\src\share\vm\classfile\systemDictionary
Event: 39.633 Thread 0x000000001c740800 Exception <a 'java/lang/ClassNotFoundException': org/gradle/api/internal/file/UnionFileCollectionCustomizer> (0x0000000787524148) thrown at [C:\ade\jenkins\workspace\8-2-build-windows-amd64-cygwin\jdk8u241\331\hotspot\src\share\vm\classfile\systemDictiona

Events (10 events):
Event: 42.906 Thread 0x0000000022844000 DEOPT PACKING pc=0x0000000003e1614e sp=0x00000000292fe9d0
Event: 42.906 Thread 0x0000000022844000 DEOPT UNPACKING pc=0x0000000002c27890 sp=0x00000000292fe820 mode 0
Event: 46.152 Thread 0x0000000022844000 DEOPT PACKING pc=0x0000000003e1614e sp=0x00000000292fea50
Event: 46.152 Thread 0x0000000022844000 DEOPT UNPACKING pc=0x0000000002c27890 sp=0x00000000292fe8a0 mode 0
Event: 51.514 Thread 0x0000000022844000 Uncommon trap: trap_request=0xffffff65 fr.pc=0x00000000030319d8
Event: 51.514 Thread 0x0000000022844000 DEOPT PACKING pc=0x00000000030319d8 sp=0x00000000292fdf00
Event: 51.514 Thread 0x0000000022844000 DEOPT UNPACKING pc=0x0000000002c2583b sp=0x00000000292fddb0 mode 2
Event: 51.515 Thread 0x0000000022844000 Uncommon trap: trap_request=0xffffff65 fr.pc=0x0000000002ff599c
Event: 51.515 Thread 0x0000000022844000 DEOPT PACKING pc=0x0000000002ff599c sp=0x00000000292fdec0
Event: 51.515 Thread 0x0000000022844000 DEOPT UNPACKING pc=0x0000000002c2583b sp=0x00000000292fdd98 mode 2


Dynamic libraries:
0x00007ff6d6060000 - 0x00007ff6d6097000 	C:\Program Files\Java\jdk1.8.0_241\bin\java.exe
0x00007ffd9b150000 - 0x00007ffd9b348000 	C:\WINDOWS\SYSTEM32\ntdll.dll
0x00007ffd9a3f0000 - 0x00007ffd9a4ad000 	C:\WINDOWS\System32\KERNEL32.DLL
0x00007ffd98c50000 - 0x00007ffd98f1e000 	C:\WINDOWS\System32\KERNELBASE.dll
0x00007ffd9a770000 - 0x00007ffd9a81e000 	C:\WINDOWS\System32\ADVAPI32.dll
0x00007ffd99c50000 - 0x00007ffd99cee000 	C:\WINDOWS\System32\msvcrt.dll
0x00007ffd9a6d0000 - 0x00007ffd9a76c000 	C:\WINDOWS\System32\sechost.dll
0x00007ffd9aca0000 - 0x00007ffd9adc5000 	C:\WINDOWS\System32\RPCRT4.dll
0x00007ffd99e30000 - 0x00007ffd99fd0000 	C:\WINDOWS\System32\USER32.dll
0x00007ffd98a80000 - 0x00007ffd98aa2000 	C:\WINDOWS\System32\win32u.dll
0x00007ffd9b080000 - 0x00007ffd9b0aa000 	C:\WINDOWS\System32\GDI32.dll
0x00007ffd990a0000 - 0x00007ffd991ab000 	C:\WINDOWS\System32\gdi32full.dll
0x00007ffd98ab0000 - 0x00007ffd98b4d000 	C:\WINDOWS\System32\msvcp_win.dll
0x00007ffd98fa0000 - 0x00007ffd990a0000 	C:\WINDOWS\System32\ucrtbase.dll
0x00007ffd7bbb0000 - 0x00007ffd7be4a000 	C:\WINDOWS\WinSxS\amd64_microsoft.windows.common-controls_6595b64144ccf1df_6.0.19041.1110_none_60b5254171f9507e\COMCTL32.dll
0x00007ffd992c0000 - 0x00007ffd992f0000 	C:\WINDOWS\System32\IMM32.DLL
0x00000000751b0000 - 0x0000000075282000 	C:\Program Files\Java\jdk1.8.0_241\jre\bin\msvcr100.dll
0x0000000074900000 - 0x00000000751ac000 	C:\Program Files\Java\jdk1.8.0_241\jre\bin\server\jvm.dll
0x00007ffd9a330000 - 0x00007ffd9a338000 	C:\WINDOWS\System32\PSAPI.DLL
0x00007ffd82880000 - 0x00007ffd828a7000 	C:\WINDOWS\SYSTEM32\WINMM.dll
0x00007ffd89050000 - 0x00007ffd8905a000 	C:\WINDOWS\SYSTEM32\VERSION.dll
0x00007ffd828b0000 - 0x00007ffd828b9000 	C:\WINDOWS\SYSTEM32\WSOCK32.dll
0x00007ffd99dc0000 - 0x00007ffd99e2b000 	C:\WINDOWS\System32\WS2_32.dll
0x00007ffd82780000 - 0x00007ffd8278f000 	C:\Program Files\Java\jdk1.8.0_241\jre\bin\verify.dll
0x00007ffd82750000 - 0x00007ffd82779000 	C:\Program Files\Java\jdk1.8.0_241\jre\bin\java.dll
0x00007ffd7a360000 - 0x00007ffd7a395000 	C:\Program Files\Java\jdk1.8.0_241\jre\bin\jdwp.dll
0x00007ffd90130000 - 0x00007ffd90138000 	C:\Program Files\Java\jdk1.8.0_241\jre\bin\npt.dll
0x00007ffd7fae0000 - 0x00007ffd7faf6000 	C:\Program Files\Java\jdk1.8.0_241\jre\bin\zip.dll
0x00007ffd99370000 - 0x00007ffd99ab4000 	C:\WINDOWS\System32\SHELL32.dll
0x00007ffd96950000 - 0x00007ffd970e4000 	C:\WINDOWS\SYSTEM32\windows.storage.dll
0x00007ffd99fd0000 - 0x00007ffd9a324000 	C:\WINDOWS\System32\combase.dll
0x00007ffd98120000 - 0x00007ffd98150000 	C:\WINDOWS\SYSTEM32\Wldp.dll
0x00007ffd99210000 - 0x00007ffd992bd000 	C:\WINDOWS\System32\SHCORE.dll
0x00007ffd9a660000 - 0x00007ffd9a6b5000 	C:\WINDOWS\System32\shlwapi.dll
0x00007ffd987b0000 - 0x00007ffd987cf000 	C:\WINDOWS\SYSTEM32\profapi.dll
0x00007ffd90120000 - 0x00007ffd90129000 	C:\Program Files\Java\jdk1.8.0_241\jre\bin\dt_socket.dll
0x00007ffd97f00000 - 0x00007ffd97f6a000 	C:\WINDOWS\system32\mswsock.dll
0x00007ffd7fac0000 - 0x00007ffd7fada000 	C:\Program Files\Java\jdk1.8.0_241\jre\bin\net.dll
0x00007ffd7f330000 - 0x00007ffd7f342000 	C:\Program Files\Java\jdk1.8.0_241\jre\bin\nio.dll
0x00007ffd939f0000 - 0x00007ffd93a0e000 	C:\Users\Admin\.gradle\native\25\windows-amd64\native-platform.dll
0x00007ffd939b0000 - 0x00007ffd939bd000 	C:\Program Files\Java\jdk1.8.0_241\jre\bin\management.dll
0x00007ffd98460000 - 0x00007ffd98478000 	C:\WINDOWS\SYSTEM32\CRYPTSP.dll
0x00007ffd978a0000 - 0x00007ffd978d4000 	C:\WINDOWS\system32\rsaenh.dll
0x00007ffd98f20000 - 0x00007ffd98f47000 	C:\WINDOWS\System32\bcrypt.dll
0x00007ffd98770000 - 0x00007ffd9879e000 	C:\WINDOWS\SYSTEM32\USERENV.dll
0x00007ffd98bc0000 - 0x00007ffd98c42000 	C:\WINDOWS\System32\bcryptprimitives.dll
0x00007ffd98090000 - 0x00007ffd9809c000 	C:\WINDOWS\SYSTEM32\CRYPTBASE.dll
0x00007ffd97c10000 - 0x00007ffd97c4b000 	C:\WINDOWS\SYSTEM32\IPHLPAPI.DLL
0x00007ffd9a6c0000 - 0x00007ffd9a6c8000 	C:\WINDOWS\System32\NSI.dll
0x00007ffd917a0000 - 0x00007ffd917b7000 	C:\WINDOWS\SYSTEM32\dhcpcsvc6.DLL
0x00007ffd91560000 - 0x00007ffd9157d000 	C:\WINDOWS\SYSTEM32\dhcpcsvc.DLL
0x00007ffd97c50000 - 0x00007ffd97d1a000 	C:\WINDOWS\SYSTEM32\DNSAPI.dll
0x00007ffd81230000 - 0x00007ffd81254000 	C:\Program Files\Java\jdk1.8.0_241\jre\bin\sunec.dll
0x00007ffd939a0000 - 0x00007ffd939ab000 	C:\Program Files\Java\jdk1.8.0_241\jre\bin\sunmscapi.dll
0x00007ffd98920000 - 0x00007ffd98a76000 	C:\WINDOWS\System32\CRYPT32.dll
0x00007ffd89760000 - 0x00007ffd8976a000 	C:\Windows\System32\rasadhlp.dll
0x00007ffd8d2d0000 - 0x00007ffd8d350000 	C:\WINDOWS\System32\fwpuclnt.dll

VM Arguments:
jvm_args: -Dfile.encoding=UTF-8 -agentlib:jdwp=transport=dt_socket,server=n,suspend=y,address=127.0.0.1:50864 -Xmx3G -Dfile.encoding=UTF-8 -Duser.country=CN -Duser.language=zh -Duser.variant 
java_command: org.gradle.launcher.daemon.bootstrap.GradleDaemon 4.9
java_class_path (initial): C:\Users\Admin\.gradle\wrapper\dists\gradle-4.9-bin\e9cinqnqvph59rr7g70qubb4t\gradle-4.9\lib\gradle-launcher-4.9.jar
Launcher Type: SUN_STANDARD

Environment Variables:
JAVA_TOOL_OPTIONS= -Dfile.encoding=UTF-8
PATH=C:\Program Files\Microsoft MPI\Bin\;C:\Program Files (x86)\Common Files\Oracle\Java\javapath;C:\ProgramData\Oracle\Java\javapath;C:\Program Files\Common Files\Oracle\Java\javapath;C:\WINDOWS\system32;C:\WINDOWS;C:\WINDOWS\System32\Wbem;C:\WINDOWS\System32\WindowsPowerShell\v1.0\;C:\WINDOWS\System32\OpenSSH\;D:\Program Files\nodejs\;C:\Program Files\Azure Data Studio\bin;C:\Program Files\Microsoft SQL Server\Client SDK\ODBC\170\Tools\Binn\;C:\Program Files (x86)\Microsoft SQL Server\150\Tools\Binn\;C:\Program Files\Microsoft SQL Server\150\Tools\Binn\;C:\Program Files\Microsoft SQL Server\150\DTS\Binn\;d:\Program Files (x86)\Lua\5.1;d:\Program Files (x86)\Lua\5.1\clibs;D:\test\Xshell 7\;D:\test\Xftp 7\;D:\Program Files (x86)\Tencent\微信web开发者工具\dll;C:\Users\Admin\AppData\Local\Programs\Python\Python38-32\Scripts\;C:\Users\Admin\AppData\Local\Programs\Python\Python38-32\;C:\Users\Admin\AppData\Local\Microsoft\WindowsApps;C:\Users\Admin\AppData\Roaming\npm;C:\Program Files\Bandizip\;C:\Program Files\Azure Data Studio\bin;D:\Users\Admin\AppData\Local\Programs\Fiddler
USERNAME=Admin
OS=Windows_NT
PROCESSOR_IDENTIFIER=Intel64 Family 6 Model 60 Stepping 3, GenuineIntel



---------------  S Y S T E M  ---------------

OS: Windows 10.0 , 64 bit Build 19041 (10.0.19041.1889)

CPU:total 4 (initial active 4) (2 cores per cpu, 2 threads per core) family 6 model 60 stepping 3, cmov, cx8, fxsr, mmx, sse, sse2, sse3, ssse3, sse4.1, sse4.2, popcnt, avx, avx2, aes, clmul, erms, lzcnt, ht, tsc, tscinvbit, bmi1, bmi2

Memory: 4k page, physical 8259252k(1313628k free), swap 8736280k(4100k free)

vm_info: Java HotSpot(TM) 64-Bit Server VM (25.241-b07) for windows-amd64 JRE (1.8.0_241-b07), built on Dec 11 2019 10:21:40 by "rejava" with MS VC++ 10.0 (VS2010)

time: Sat Oct 15 22:03:56 2022
timezone: 中国标准时间
elapsed time: 51 seconds (0d 0h 0m 51s)

