#
# There is insufficient memory for the Java Runtime Environment to continue.
# Native memory allocation (malloc) failed to allocate 764176 bytes for Chunk::new
# Possible reasons:
#   The system is out of physical RAM or swap space
#   The process is running with CompressedOops enabled, and the Java Heap may be blocking the growth of the native heap
# Possible solutions:
#   Reduce memory load on the system
#   Increase physical memory or swap space
#   Check if swap backing store is full
#   Decrease Java heap size (-Xmx/-Xms)
#   Decrease number of Java threads
#   Decrease Java thread stack sizes (-Xss)
#   Set larger code cache with -XX:ReservedCodeCacheSize=
#   JVM is running with Zero Based Compressed Oops mode in which the Java heap is
#     placed in the first 32GB address space. The Java Heap base address is the
#     maximum limit for the native heap growth. Please use -XX:HeapBaseMinAddress
#     to set the Java Heap base and to place the Java Heap above 32GB virtual address.
# This output file may be truncated or incomplete.
#
#  Out of Memory Error (allocation.cpp:389), pid=6036, tid=0x000000000000100c
#
# JRE version: Java(TM) SE Runtime Environment (8.0_241-b07) (build 1.8.0_241-b07)
# Java VM: Java HotSpot(TM) 64-Bit Server VM (25.241-b07 mixed mode windows-amd64 compressed oops)
# Failed to write core dump. Minidumps are not enabled by default on client versions of Windows
#

---------------  T H R E A D  ---------------

Current thread (0x000000001a025800):  JavaThread "C2 CompilerThread1" daemon [_thread_in_native, id=4108, stack(0x000000001bd20000,0x000000001be20000)]

Stack: [0x000000001bd20000,0x000000001be20000]
[error occurred during error reporting (printing stack bounds), id 0xc0000005]

Native frames: (J=compiled Java code, j=interpreted, Vv=VM code, C=native code)


Current CompileTask:
C2: 112473 6869       4       org.gradle.internal.logging.text.StreamingStyledTextOutput::doAppend (11 bytes)


---------------  P R O C E S S  ---------------

Java Threads: ( => current thread )
  0x000000001f47a000 JavaThread "Exec process Thread 3" [_thread_in_native, id=6856, stack(0x000000002a3b0000,0x000000002a4b0000)]
  0x000000001f47c000 JavaThread "Exec process Thread 2" [_thread_in_native, id=6292, stack(0x0000000029c40000,0x0000000029d40000)]
  0x000000001f47b800 JavaThread "Exec process" [_thread_in_native, id=4372, stack(0x0000000029020000,0x0000000029120000)]
  0x000000001f479000 JavaThread "Cache worker for Build Output Cleanup Cache (D:\forge-1.12.2-14.23.5.2860-mdk\.gradle\buildOutputCleanup)" [_thread_blocked, id=3492, stack(0x000000002a0b0000,0x000000002a1b0000)]
  0x000000001f478800 JavaThread "Cache worker for task history cache (D:\forge-1.12.2-14.23.5.2860-mdk\.gradle\4.9\taskHistory)" [_thread_blocked, id=5212, stack(0x0000000029db0000,0x0000000029eb0000)]
  0x000000001f471000 JavaThread "Task worker for ':' Thread 3" [_thread_blocked, id=11092, stack(0x0000000029740000,0x0000000029840000)]
  0x000000001f471800 JavaThread "Task worker for ':' Thread 2" [_thread_blocked, id=4712, stack(0x0000000029640000,0x0000000029740000)]
  0x000000001f477800 JavaThread "Task worker for ':'" [_thread_blocked, id=4692, stack(0x0000000029140000,0x0000000029240000)]
  0x000000001f470000 JavaThread "Cache worker for file content cache (D:\forge-1.12.2-14.23.5.2860-mdk\.gradle\4.9\fileContent)" [_thread_blocked, id=4880, stack(0x0000000029540000,0x0000000029640000)]
  0x000000001f475800 JavaThread "Cache worker for file content cache (C:\Users\Admin\.gradle\caches\4.9\fileContent)" [_thread_blocked, id=2952, stack(0x0000000029440000,0x0000000029540000)]
  0x000000001f474000 JavaThread "Memory manager" [_thread_blocked, id=3684, stack(0x00000000272a0000,0x00000000273a0000)]
  0x000000001f472800 JavaThread "Build operations Thread 4" [_thread_blocked, id=5496, stack(0x00000000271a0000,0x00000000272a0000)]
  0x000000001f474800 JavaThread "Build operations Thread 3" [_thread_blocked, id=10052, stack(0x0000000023480000,0x0000000023580000)]
  0x000000001f477000 JavaThread "Build operations Thread 2" [_thread_blocked, id=5980, stack(0x0000000026f40000,0x0000000027040000)]
  0x000000001b4d8000 JavaThread "Build operations" [_thread_blocked, id=5116, stack(0x0000000026e40000,0x0000000026f40000)]
  0x000000001b4d6800 JavaThread "Cache worker for Artifact transforms cache (C:\Users\Admin\.gradle\caches\transforms-1)" [_thread_blocked, id=1444, stack(0x0000000023800000,0x0000000023900000)]
  0x000000001b4dc800 JavaThread "Cache worker for cache directory md-rule (C:\Users\Admin\.gradle\caches\4.9\md-rule)" [_thread_blocked, id=1440, stack(0x0000000022110000,0x0000000022210000)]
  0x000000001b4db000 JavaThread "Cache worker for cache directory md-supplier (C:\Users\Admin\.gradle\caches\4.9\md-supplier)" [_thread_blocked, id=1356, stack(0x0000000022010000,0x0000000022110000)]
  0x000000001b4da000 JavaThread "Cache worker for file hash cache (D:\forge-1.12.2-14.23.5.2860-mdk\.gradle\4.9\fileHashes)" [_thread_blocked, id=11204, stack(0x000000001fb70000,0x000000001fc70000)]
  0x000000001b4d9800 JavaThread "File lock request listener" [_thread_in_native, id=8488, stack(0x000000001fa70000,0x000000001fb70000)]
  0x000000001b4d8800 JavaThread "Cache worker for file hash cache (C:\Users\Admin\.gradle\caches\4.9\fileHashes)" [_thread_blocked, id=2976, stack(0x000000001f870000,0x000000001f970000)]
  0x000000001b4cc000 JavaThread "Stdin handler" [_thread_blocked, id=796, stack(0x000000001e5a0000,0x000000001e6a0000)]
  0x000000001c542800 JavaThread "Asynchronous log dispatcher for DefaultDaemonConnection: socket connection from /127.0.0.1:54446 to /127.0.0.1:54447" [_thread_blocked, id=9112, stack(0x000000001e4a0000,0x000000001e5a0000)]
  0x000000001c54a000 JavaThread "Daemon worker" [_thread_blocked, id=1224, stack(0x000000001e3a0000,0x000000001e4a0000)]
  0x000000001c7d6800 JavaThread "Cancel handler" [_thread_blocked, id=1136, stack(0x000000001e2a0000,0x000000001e3a0000)]
  0x000000001b4d3000 JavaThread "Handler for socket connection from /127.0.0.1:54446 to /127.0.0.1:54447" [_thread_in_native, id=960, stack(0x000000001dfa0000,0x000000001e0a0000)]
  0x000000001b4d2000 JavaThread "Daemon" [_thread_blocked, id=7052, stack(0x000000001dea0000,0x000000001dfa0000)]
  0x000000001d433800 JavaThread "Daemon periodic checks" [_thread_blocked, id=904, stack(0x000000001dda0000,0x000000001dea0000)]
  0x000000001d42f800 JavaThread "Incoming local TCP Connector on port 54446" [_thread_in_native, id=1348, stack(0x000000001dbf0000,0x000000001dcf0000)]
  0x000000001d078000 JavaThread "Daemon health stats" [_thread_blocked, id=4912, stack(0x000000001d8f0000,0x000000001d9f0000)]
  0x000000001b3d9000 JavaThread "Service Thread" daemon [_thread_blocked, id=4888, stack(0x000000001bf20000,0x000000001c020000)]
  0x000000001a026000 JavaThread "C1 CompilerThread2" daemon [_thread_blocked, id=4136, stack(0x000000001be20000,0x000000001bf20000)]
=>0x000000001a025800 JavaThread "C2 CompilerThread1" daemon [_thread_in_native, id=4108, stack(0x000000001bd20000,0x000000001be20000)]
  0x000000001a01c800 JavaThread "C2 CompilerThread0" daemon [_thread_blocked, id=3912, stack(0x000000001bc20000,0x000000001bd20000)]
  0x000000001a00b000 JavaThread "JDWP Command Reader" daemon [_thread_in_native, id=2720, stack(0x000000001bb20000,0x000000001bc20000)]
  0x000000001a007800 JavaThread "JDWP Event Helper Thread" daemon [_thread_blocked, id=4552, stack(0x000000001ba20000,0x000000001bb20000)]
  0x0000000019ffc000 JavaThread "JDWP Transport Listener: dt_socket" daemon [_thread_blocked, id=8740, stack(0x000000001b920000,0x000000001ba20000)]
  0x0000000019fe3800 JavaThread "Attach Listener" daemon [_thread_blocked, id=8968, stack(0x000000001b820000,0x000000001b920000)]
  0x0000000019ff4800 JavaThread "Signal Dispatcher" daemon [_thread_blocked, id=3732, stack(0x000000001b720000,0x000000001b820000)]
  0x0000000002e5e000 JavaThread "Finalizer" daemon [_thread_blocked, id=3184, stack(0x000000001b220000,0x000000001b320000)]
  0x0000000019fba000 JavaThread "Reference Handler" daemon [_thread_blocked, id=2676, stack(0x000000001b120000,0x000000001b220000)]
  0x0000000002d64000 JavaThread "main" [_thread_blocked, id=1808, stack(0x0000000002c60000,0x0000000002d60000)]

Other Threads:
  0x0000000019f98800 VMThread [stack: 0x000000001b020000,0x000000001b120000] [id=2656]
  0x000000001a02e000 WatcherThread [stack: 0x000000001c020000,0x000000001c120000] [id=4776]

VM state:not at safepoint (normal execution)

VM Mutex/Monitor currently owned by a thread: None

heap address: 0x0000000700000000, size: 3072 MB, Compressed Oops mode: Zero based, Oop shift amount: 3
Narrow klass base: 0x0000000000000000, Narrow klass shift: 3
Compressed class space size: 1073741824 Address: 0x00000007c0000000

Heap:
 PSYoungGen      total 210432K, used 162970K [0x0000000780000000, 0x0000000792b00000, 0x00000007c0000000)
  eden space 192512K, 75% used [0x0000000780000000,0x0000000788db67e8,0x000000078bc00000)
  from space 17920K, 99% used [0x000000078bc00000,0x000000078cd70070,0x000000078cd80000)
  to   space 20480K, 0% used [0x0000000791700000,0x0000000791700000,0x0000000792b00000)
 ParOldGen       total 87552K, used 49304K [0x0000000700000000, 0x0000000705580000, 0x0000000780000000)
  object space 87552K, 56% used [0x0000000700000000,0x00000007030263b8,0x0000000705580000)
 Metaspace       used 53995K, capacity 55062K, committed 55216K, reserved 1097728K
  class space    used 7503K, capacity 7792K, committed 7856K, reserved 1048576K

Card table byte_map: [0x0000000012220000,0x0000000012830000] byte_map_base: 0x000000000ea20000

Marking Bits: (ParMarkBitMap*) 0x000000006842be30
 Begin Bits: [0x0000000013030000, 0x0000000016030000)
 End Bits:   [0x0000000016030000, 0x0000000019030000)

Polling page: 0x0000000000b50000

CodeCache: size=245760Kb used=22030Kb max_used=22044Kb free=223729Kb
 bounds [0x0000000002e60000, 0x0000000004400000, 0x0000000011e60000]
 total_blobs=6947 nmethods=6156 adapters=710
 compilation: enabled

Compilation events (10 events):
Event: 112.334 Thread 0x000000001a026000 nmethod 6864 0x00000000043efb50 code [0x00000000043efca0, 0x00000000043efdb0]
Event: 112.354 Thread 0x000000001a025800 6865       4       org.gradle.internal.serialize.kryo.KryoBackedEncoder::writeSmallInt (11 bytes)
Event: 112.355 Thread 0x000000001a025800 nmethod 6865 0x00000000043ef850 code [0x00000000043ef9a0, 0x00000000043efa68]
Event: 112.390 Thread 0x000000001a01c800 6866   !   4       java.io.PrintStream::write (69 bytes)
Event: 112.390 Thread 0x000000001a025800 6867       4       java.io.FileOutputStream::write (12 bytes)
Event: 112.391 Thread 0x000000001a025800 nmethod 6867 0x0000000004380b90 code [0x0000000004380ce0, 0x0000000004380d88]
Event: 112.392 Thread 0x000000001a025800 6868       4       java.util.ArrayList::toArray (12 bytes)
Event: 112.393 Thread 0x000000001a025800 nmethod 6868 0x00000000043faa90 code [0x00000000043fabe0, 0x00000000043fadf8]
Event: 112.393 Thread 0x000000001a025800 6869       4       org.gradle.internal.logging.text.StreamingStyledTextOutput::doAppend (11 bytes)
Event: 112.401 Thread 0x000000001a01c800 nmethod 6866 0x00000000043f6bd0 code [0x00000000043f6d60, 0x00000000043f7888]

GC Heap History (10 events):
Event: 25.266 GC heap before
{Heap before GC invocations=13 (full 2):
 PSYoungGen      total 121344K, used 120216K [0x0000000780000000, 0x0000000788680000, 0x00000007c0000000)
  eden space 114176K, 99% used [0x0000000780000000,0x0000000786e87350,0x0000000786f80000)
  from space 7168K, 98% used [0x0000000787f80000,0x000000078865ee60,0x0000000788680000)
  to   space 10752K, 0% used [0x0000000787180000,0x0000000787180000,0x0000000787c00000)
 ParOldGen       total 87552K, used 15786K [0x0000000700000000, 0x0000000705580000, 0x0000000780000000)
  object space 87552K, 18% used [0x0000000700000000,0x0000000700f6ab90,0x0000000705580000)
 Metaspace       used 43949K, capacity 44900K, committed 45104K, reserved 1087488K
  class space    used 6118K, capacity 6400K, committed 6448K, reserved 1048576K
Event: 25.284 GC heap after
Heap after GC invocations=13 (full 2):
 PSYoungGen      total 126976K, used 10736K [0x0000000780000000, 0x000000078ac80000, 0x00000007c0000000)
  eden space 116224K, 0% used [0x0000000780000000,0x0000000780000000,0x0000000787180000)
  from space 10752K, 99% used [0x0000000787180000,0x0000000787bfc080,0x0000000787c00000)
  to   space 13312K, 0% used [0x0000000789f80000,0x0000000789f80000,0x000000078ac80000)
 ParOldGen       total 87552K, used 18832K [0x0000000700000000, 0x0000000705580000, 0x0000000780000000)
  object space 87552K, 21% used [0x0000000700000000,0x0000000701264110,0x0000000705580000)
 Metaspace       used 43949K, capacity 44900K, committed 45104K, reserved 1087488K
  class space    used 6118K, capacity 6400K, committed 6448K, reserved 1048576K
}
Event: 26.891 GC heap before
{Heap before GC invocations=14 (full 2):
 PSYoungGen      total 126976K, used 126877K [0x0000000780000000, 0x000000078ac80000, 0x00000007c0000000)
  eden space 116224K, 99% used [0x0000000780000000,0x000000078716b6c8,0x0000000787180000)
  from space 10752K, 99% used [0x0000000787180000,0x0000000787bfc080,0x0000000787c00000)
  to   space 13312K, 0% used [0x0000000789f80000,0x0000000789f80000,0x000000078ac80000)
 ParOldGen       total 87552K, used 18832K [0x0000000700000000, 0x0000000705580000, 0x0000000780000000)
  object space 87552K, 21% used [0x0000000700000000,0x0000000701264110,0x0000000705580000)
 Metaspace       used 47518K, capacity 48550K, committed 48816K, reserved 1091584K
  class space    used 6729K, capacity 7029K, committed 7088K, reserved 1048576K
Event: 26.920 GC heap after
Heap after GC invocations=14 (full 2):
 PSYoungGen      total 163840K, used 7426K [0x0000000780000000, 0x000000078b200000, 0x00000007c0000000)
  eden space 150528K, 0% used [0x0000000780000000,0x0000000780000000,0x0000000789300000)
  from space 13312K, 55% used [0x0000000789f80000,0x000000078a6c0b38,0x000000078ac80000)
  to   space 12800K, 0% used [0x0000000789300000,0x0000000789300000,0x0000000789f80000)
 ParOldGen       total 87552K, used 26049K [0x0000000700000000, 0x0000000705580000, 0x0000000780000000)
  object space 87552K, 29% used [0x0000000700000000,0x00000007019706f0,0x0000000705580000)
 Metaspace       used 47518K, capacity 48550K, committed 48816K, reserved 1091584K
  class space    used 6729K, capacity 7029K, committed 7088K, reserved 1048576K
}
Event: 34.715 GC heap before
{Heap before GC invocations=15 (full 2):
 PSYoungGen      total 163840K, used 157954K [0x0000000780000000, 0x000000078b200000, 0x00000007c0000000)
  eden space 150528K, 100% used [0x0000000780000000,0x0000000789300000,0x0000000789300000)
  from space 13312K, 55% used [0x0000000789f80000,0x000000078a6c0b38,0x000000078ac80000)
  to   space 12800K, 0% used [0x0000000789300000,0x0000000789300000,0x0000000789f80000)
 ParOldGen       total 87552K, used 26049K [0x0000000700000000, 0x0000000705580000, 0x0000000780000000)
  object space 87552K, 29% used [0x0000000700000000,0x00000007019706f0,0x0000000705580000)
 Metaspace       used 49013K, capacity 50048K, committed 50352K, reserved 1091584K
  class space    used 6920K, capacity 7226K, committed 7344K, reserved 1048576K
Event: 34.731 GC heap after
Heap after GC invocations=15 (full 2):
 PSYoungGen      total 163328K, used 2591K [0x0000000780000000, 0x000000078da00000, 0x00000007c0000000)
  eden space 150528K, 0% used [0x0000000780000000,0x0000000780000000,0x0000000789300000)
  from space 12800K, 20% used [0x0000000789300000,0x0000000789587c98,0x0000000789f80000)
  to   space 12800K, 0% used [0x000000078cd80000,0x000000078cd80000,0x000000078da00000)
 ParOldGen       total 87552K, used 31465K [0x0000000700000000, 0x0000000705580000, 0x0000000780000000)
  object space 87552K, 35% used [0x0000000700000000,0x0000000701eba490,0x0000000705580000)
 Metaspace       used 49013K, capacity 50048K, committed 50352K, reserved 1091584K
  class space    used 6920K, capacity 7226K, committed 7344K, reserved 1048576K
}
Event: 36.512 GC heap before
{Heap before GC invocations=16 (full 2):
 PSYoungGen      total 163328K, used 153119K [0x0000000780000000, 0x000000078da00000, 0x00000007c0000000)
  eden space 150528K, 100% used [0x0000000780000000,0x0000000789300000,0x0000000789300000)
  from space 12800K, 20% used [0x0000000789300000,0x0000000789587c98,0x0000000789f80000)
  to   space 12800K, 0% used [0x000000078cd80000,0x000000078cd80000,0x000000078da00000)
 ParOldGen       total 87552K, used 31465K [0x0000000700000000, 0x0000000705580000, 0x0000000780000000)
  object space 87552K, 35% used [0x0000000700000000,0x0000000701eba490,0x0000000705580000)
 Metaspace       used 53648K, capacity 54806K, committed 54960K, reserved 1095680K
  class space    used 7479K, capacity 7778K, committed 7856K, reserved 1048576K
Event: 36.567 GC heap after
Heap after GC invocations=16 (full 2):
 PSYoungGen      total 205312K, used 12777K [0x0000000780000000, 0x000000078ee00000, 0x00000007c0000000)
  eden space 192512K, 0% used [0x0000000780000000,0x0000000780000000,0x000000078bc00000)
  from space 12800K, 99% used [0x000000078cd80000,0x000000078d9fa4f0,0x000000078da00000)
  to   space 17920K, 0% used [0x000000078bc00000,0x000000078bc00000,0x000000078cd80000)
 ParOldGen       total 87552K, used 41065K [0x0000000700000000, 0x0000000705580000, 0x0000000780000000)
  object space 87552K, 46% used [0x0000000700000000,0x000000070281a4c0,0x0000000705580000)
 Metaspace       used 53648K, capacity 54806K, committed 54960K, reserved 1095680K
  class space    used 7479K, capacity 7778K, committed 7856K, reserved 1048576K
}
Event: 37.441 GC heap before
{Heap before GC invocations=17 (full 2):
 PSYoungGen      total 205312K, used 204988K [0x0000000780000000, 0x000000078ee00000, 0x00000007c0000000)
  eden space 192512K, 99% used [0x0000000780000000,0x000000078bbb4ba0,0x000000078bc00000)
  from space 12800K, 99% used [0x000000078cd80000,0x000000078d9fa4f0,0x000000078da00000)
  to   space 17920K, 0% used [0x000000078bc00000,0x000000078bc00000,0x000000078cd80000)
 ParOldGen       total 87552K, used 41065K [0x0000000700000000, 0x0000000705580000, 0x0000000780000000)
  object space 87552K, 46% used [0x0000000700000000,0x000000070281a4c0,0x0000000705580000)
 Metaspace       used 53663K, capacity 54806K, committed 54960K, reserved 1095680K
  class space    used 7479K, capacity 7778K, committed 7856K, reserved 1048576K
Event: 37.452 GC heap after
Heap after GC invocations=17 (full 2):
 PSYoungGen      total 210432K, used 17856K [0x0000000780000000, 0x0000000792b00000, 0x00000007c0000000)
  eden space 192512K, 0% used [0x0000000780000000,0x0000000780000000,0x000000078bc00000)
  from space 17920K, 99% used [0x000000078bc00000,0x000000078cd70070,0x000000078cd80000)
  to   space 20480K, 0% used [0x0000000791700000,0x0000000791700000,0x0000000792b00000)
 ParOldGen       total 87552K, used 49304K [0x0000000700000000, 0x0000000705580000, 0x0000000780000000)
  object space 87552K, 56% used [0x0000000700000000,0x00000007030263b8,0x0000000705580000)
 Metaspace       used 53663K, capacity 54806K, committed 54960K, reserved 1095680K
  class space    used 7479K, capacity 7778K, committed 7856K, reserved 1048576K
}

Deoptimization events (10 events):
Event: 36.233 Thread 0x000000001c54a000 Uncommon trap: reason=class_check action=maybe_recompile pc=0x0000000003e1cee8 method=com.google.common.collect.AbstractMapBasedMultimap$WrappedCollection.refreshIfEmpty()V @ 59
Event: 36.233 Thread 0x000000001c54a000 Uncommon trap: reason=class_check action=maybe_recompile pc=0x0000000003c19944 method=com.google.common.collect.AbstractMapBasedMultimap$WrappedCollection.refreshIfEmpty()V @ 59
Event: 36.233 Thread 0x000000001c54a000 Uncommon trap: reason=class_check action=maybe_recompile pc=0x0000000003c19944 method=com.google.common.collect.AbstractMapBasedMultimap$WrappedCollection.refreshIfEmpty()V @ 59
Event: 36.270 Thread 0x000000001f478800 Uncommon trap: reason=unstable_if action=reinterpret pc=0x0000000004037774 method=com.esotericsoftware.kryo.io.Output.writeString(Ljava/lang/CharSequence;)V @ 50
Event: 36.366 Thread 0x000000001c54a000 Uncommon trap: reason=unstable_if action=reinterpret pc=0x00000000042cf4b4 method=org.apache.commons.io.IOUtils.contentEquals(Ljava/io/InputStream;Ljava/io/InputStream;)Z @ 39
Event: 36.366 Thread 0x000000001c54a000 Uncommon trap: reason=class_check action=maybe_recompile pc=0x0000000003e1cee8 method=com.google.common.collect.AbstractMapBasedMultimap$WrappedCollection.refreshIfEmpty()V @ 59
Event: 37.962 Thread 0x000000001c54a000 Uncommon trap: reason=unstable_if action=reinterpret pc=0x00000000040fdfc4 method=java.util.Collections.indexedBinarySearch(Ljava/util/List;Ljava/lang/Object;)I @ 13
Event: 38.545 Thread 0x000000001f47c000 Uncommon trap: reason=unstable_if action=reinterpret pc=0x0000000003da0f34 method=sun.nio.cs.UTF_8$Decoder.decodeArrayLoop(Ljava/nio/ByteBuffer;Ljava/nio/CharBuffer;)Ljava/nio/charset/CoderResult; @ 84
Event: 59.758 Thread 0x000000001f47a000 Uncommon trap: reason=unstable_if action=reinterpret pc=0x00000000032a2f18 method=org.gradle.internal.logging.text.AbstractLineChoppingStyledTextOutput$2.execute(Lorg/gradle/internal/logging/text/AbstractLineChoppingStyledTextOutput$StateContext;)V @ 30
Event: 59.758 Thread 0x000000001f47a000 Uncommon trap: reason=unstable_if action=reinterpret pc=0x0000000003268bdc method=org.gradle.internal.logging.text.AbstractLineChoppingStyledTextOutput$2.execute(Lorg/gradle/internal/logging/text/AbstractLineChoppingStyledTextOutput$StateContext;)V @ 30

Classes redefined (0 events):
No events

Internal exceptions (10 events):
Event: 35.312 Thread 0x000000001c54a000 Exception <a 'java/io/FileNotFoundException'> (0x0000000782b1f918) thrown at [C:\ade\jenkins\workspace\8-2-build-windows-amd64-cygwin\jdk8u241\331\hotspot\src\share\vm\prims\jni.cpp, line 710]
Event: 35.312 Thread 0x000000001c54a000 Exception <a 'java/io/FileNotFoundException'> (0x0000000782b21760) thrown at [C:\ade\jenkins\workspace\8-2-build-windows-amd64-cygwin\jdk8u241\331\hotspot\src\share\vm\prims\jni.cpp, line 710]
Event: 36.279 Thread 0x000000001c54a000 Exception <a 'java/lang/NoSuchMethodError': <clinit>> (0x0000000788c2f478) thrown at [C:\ade\jenkins\workspace\8-2-build-windows-amd64-cygwin\jdk8u241\331\hotspot\src\share\vm\prims\jni.cpp, line 1614]
Event: 36.282 Thread 0x000000001c54a000 Exception <a 'java/lang/NoSuchMethodError': <clinit>> (0x0000000788c52ca8) thrown at [C:\ade\jenkins\workspace\8-2-build-windows-amd64-cygwin\jdk8u241\331\hotspot\src\share\vm\prims\jni.cpp, line 1614]
Event: 36.282 Thread 0x000000001c54a000 Exception <a 'java/lang/NoSuchMethodError': <clinit>> (0x0000000788c54b10) thrown at [C:\ade\jenkins\workspace\8-2-build-windows-amd64-cygwin\jdk8u241\331\hotspot\src\share\vm\prims\jni.cpp, line 1614]
Event: 36.282 Thread 0x000000001c54a000 Exception <a 'java/lang/NoSuchMethodError': <clinit>> (0x0000000788c567e0) thrown at [C:\ade\jenkins\workspace\8-2-build-windows-amd64-cygwin\jdk8u241\331\hotspot\src\share\vm\prims\jni.cpp, line 1614]
Event: 37.914 Thread 0x000000001c54a000 Exception <a 'java/lang/ClassNotFoundException': com/intellij/openapi/externalSystem/rt/execution/ForkedDebuggerHelperBeanInfo> (0x0000000787f67270) thrown at [C:\ade\jenkins\workspace\8-2-build-windows-amd64-cygwin\jdk8u241\331\hotspot\src\share\vm\class
Event: 37.914 Thread 0x000000001c54a000 Exception <a 'java/lang/ClassNotFoundException': com/intellij/openapi/externalSystem/rt/execution/ForkedDebuggerHelperCustomizer> (0x0000000787f6fef0) thrown at [C:\ade\jenkins\workspace\8-2-build-windows-amd64-cygwin\jdk8u241\331\hotspot\src\share\vm\cla
Event: 37.954 Thread 0x000000001c54a000 Exception <a 'java/lang/ClassNotFoundException': org/gradle/api/internal/file/UnionFileCollectionBeanInfo> (0x0000000788008dc0) thrown at [C:\ade\jenkins\workspace\8-2-build-windows-amd64-cygwin\jdk8u241\331\hotspot\src\share\vm\classfile\systemDictionary
Event: 37.955 Thread 0x000000001c54a000 Exception <a 'java/lang/ClassNotFoundException': org/gradle/api/internal/file/UnionFileCollectionCustomizer> (0x0000000788036020) thrown at [C:\ade\jenkins\workspace\8-2-build-windows-amd64-cygwin\jdk8u241\331\hotspot\src\share\vm\classfile\systemDictiona

Events (10 events):
Event: 63.606 Thread 0x000000001f47a000 DEOPT PACKING pc=0x00000000043a0a8e sp=0x000000002a4ae520
Event: 63.606 Thread 0x000000001f47a000 DEOPT UNPACKING pc=0x0000000002ea7890 sp=0x000000002a4ae370 mode 0
Event: 63.645 Thread 0x000000001f47a000 DEOPT PACKING pc=0x00000000043a0a8e sp=0x000000002a4ae520
Event: 63.645 Thread 0x000000001f47a000 DEOPT UNPACKING pc=0x0000000002ea7890 sp=0x000000002a4ae370 mode 0
Event: 63.699 Thread 0x000000001f47a000 DEOPT PACKING pc=0x000000000331f3c6 sp=0x000000002a4ace30
Event: 63.699 Thread 0x000000001f47a000 DEOPT UNPACKING pc=0x0000000002ea7890 sp=0x000000002a4acc30 mode 0
Event: 63.727 Thread 0x000000001f47a000 DEOPT PACKING pc=0x00000000043b7f28 sp=0x000000002a4aebd0
Event: 63.727 Thread 0x000000001f47a000 DEOPT UNPACKING pc=0x0000000002ea7890 sp=0x000000002a4ae928 mode 0
Event: 66.623 Thread 0x000000001f47a000 DEOPT PACKING pc=0x00000000033c1332 sp=0x000000002a4ada10
Event: 66.623 Thread 0x000000001f47a000 DEOPT UNPACKING pc=0x0000000002ea7890 sp=0x000000002a4ad758 mode 0


Dynamic libraries:
0x00007ff65f660000 - 0x00007ff65f697000 	C:\Program Files\Java\jdk1.8.0_241\bin\java.exe
0x00007ffe2d3b0000 - 0x00007ffe2d5a8000 	C:\WINDOWS\SYSTEM32\ntdll.dll
0x00007ffe2cc10000 - 0x00007ffe2cccd000 	C:\WINDOWS\System32\KERNEL32.DLL
0x00007ffe2adc0000 - 0x00007ffe2b08e000 	C:\WINDOWS\System32\KERNELBASE.dll
0x00007ffe2bf40000 - 0x00007ffe2bfee000 	C:\WINDOWS\System32\ADVAPI32.dll
0x00007ffe2cac0000 - 0x00007ffe2cb5e000 	C:\WINDOWS\System32\msvcrt.dll
0x00007ffe2bbe0000 - 0x00007ffe2bc7c000 	C:\WINDOWS\System32\sechost.dll
0x00007ffe2c740000 - 0x00007ffe2c865000 	C:\WINDOWS\System32\RPCRT4.dll
0x00007ffe2cce0000 - 0x00007ffe2ce80000 	C:\WINDOWS\System32\USER32.dll
0x00007ffe2abe0000 - 0x00007ffe2ac02000 	C:\WINDOWS\System32\win32u.dll
0x00007ffe2ba60000 - 0x00007ffe2ba8a000 	C:\WINDOWS\System32\GDI32.dll
0x00007ffe2b170000 - 0x00007ffe2b27b000 	C:\WINDOWS\System32\gdi32full.dll
0x00007ffe2aad0000 - 0x00007ffe2ab6d000 	C:\WINDOWS\System32\msvcp_win.dll
0x00007ffe2b310000 - 0x00007ffe2b410000 	C:\WINDOWS\System32\ucrtbase.dll
0x00007ffe08e20000 - 0x00007ffe090ba000 	C:\WINDOWS\WinSxS\amd64_microsoft.windows.common-controls_6595b64144ccf1df_6.0.19041.1110_none_60b5254171f9507e\COMCTL32.dll
0x00007ffe2bd90000 - 0x00007ffe2bdc0000 	C:\WINDOWS\System32\IMM32.DLL
0x00000000684b0000 - 0x0000000068582000 	C:\Program Files\Java\jdk1.8.0_241\jre\bin\msvcr100.dll
0x0000000067c00000 - 0x00000000684ac000 	C:\Program Files\Java\jdk1.8.0_241\jre\bin\server\jvm.dll
0x00007ffe2ccd0000 - 0x00007ffe2ccd8000 	C:\WINDOWS\System32\PSAPI.DLL
0x00007ffe195f0000 - 0x00007ffe19617000 	C:\WINDOWS\SYSTEM32\WINMM.dll
0x00007ffe1b190000 - 0x00007ffe1b199000 	C:\WINDOWS\SYSTEM32\WSOCK32.dll
0x00007ffe2c870000 - 0x00007ffe2c8db000 	C:\WINDOWS\System32\WS2_32.dll
0x00007ffe19bc0000 - 0x00007ffe19bca000 	C:\WINDOWS\SYSTEM32\VERSION.dll
0x00007ffddf360000 - 0x00007ffddf36f000 	C:\Program Files\Java\jdk1.8.0_241\jre\bin\verify.dll
0x00007ffddeae0000 - 0x00007ffddeb09000 	C:\Program Files\Java\jdk1.8.0_241\jre\bin\java.dll
0x00007ffe12ec0000 - 0x00007ffe12ef5000 	C:\Program Files\Java\jdk1.8.0_241\jre\bin\jdwp.dll
0x00007ffe25470000 - 0x00007ffe25478000 	C:\Program Files\Java\jdk1.8.0_241\jre\bin\npt.dll
0x00007ffddeac0000 - 0x00007ffddead6000 	C:\Program Files\Java\jdk1.8.0_241\jre\bin\zip.dll
0x00007ffe2bff0000 - 0x00007ffe2c734000 	C:\WINDOWS\System32\SHELL32.dll
0x00007ffe28bb0000 - 0x00007ffe29344000 	C:\WINDOWS\SYSTEM32\windows.storage.dll
0x00007ffe2b410000 - 0x00007ffe2b764000 	C:\WINDOWS\System32\combase.dll
0x00007ffe2a380000 - 0x00007ffe2a3b0000 	C:\WINDOWS\SYSTEM32\Wldp.dll
0x00007ffe2c940000 - 0x00007ffe2c9ed000 	C:\WINDOWS\System32\SHCORE.dll
0x00007ffe2b920000 - 0x00007ffe2b975000 	C:\WINDOWS\System32\shlwapi.dll
0x00007ffe2aa10000 - 0x00007ffe2aa2f000 	C:\WINDOWS\SYSTEM32\profapi.dll
0x00007ffe25460000 - 0x00007ffe25469000 	C:\Program Files\Java\jdk1.8.0_241\jre\bin\dt_socket.dll
0x00007ffe2a160000 - 0x00007ffe2a1ca000 	C:\WINDOWS\system32\mswsock.dll
0x00007ffddeaa0000 - 0x00007ffddeaba000 	C:\Program Files\Java\jdk1.8.0_241\jre\bin\net.dll
0x00007ffddea80000 - 0x00007ffddea92000 	C:\Program Files\Java\jdk1.8.0_241\jre\bin\nio.dll
0x00007ffddeb50000 - 0x00007ffddeb6e000 	C:\Users\Admin\.gradle\native\25\windows-amd64\native-platform.dll
0x00007ffdde280000 - 0x00007ffdde28d000 	C:\Program Files\Java\jdk1.8.0_241\jre\bin\management.dll
0x00007ffe2a6c0000 - 0x00007ffe2a6d8000 	C:\WINDOWS\SYSTEM32\CRYPTSP.dll
0x00007ffe29b00000 - 0x00007ffe29b34000 	C:\WINDOWS\system32\rsaenh.dll
0x00007ffe2b090000 - 0x00007ffe2b0b7000 	C:\WINDOWS\System32\bcrypt.dll
0x00007ffe2a9d0000 - 0x00007ffe2a9fe000 	C:\WINDOWS\SYSTEM32\USERENV.dll
0x00007ffe2b280000 - 0x00007ffe2b302000 	C:\WINDOWS\System32\bcryptprimitives.dll
0x00007ffe2a2f0000 - 0x00007ffe2a2fc000 	C:\WINDOWS\SYSTEM32\CRYPTBASE.dll
0x00007ffe29e70000 - 0x00007ffe29eab000 	C:\WINDOWS\SYSTEM32\IPHLPAPI.DLL
0x00007ffe2bc80000 - 0x00007ffe2bc88000 	C:\WINDOWS\System32\NSI.dll
0x00007ffe23f60000 - 0x00007ffe23f77000 	C:\WINDOWS\SYSTEM32\dhcpcsvc6.DLL
0x00007ffe23d20000 - 0x00007ffe23d3d000 	C:\WINDOWS\SYSTEM32\dhcpcsvc.DLL
0x00007ffe29eb0000 - 0x00007ffe29f7a000 	C:\WINDOWS\SYSTEM32\DNSAPI.dll
0x00007ffe267a0000 - 0x00007ffe267c4000 	C:\Program Files\Java\jdk1.8.0_241\jre\bin\sunec.dll
0x00007ffe013c0000 - 0x00007ffe013cb000 	C:\Program Files\Java\jdk1.8.0_241\jre\bin\sunmscapi.dll
0x00007ffe2ac60000 - 0x00007ffe2adb6000 	C:\WINDOWS\System32\CRYPT32.dll
0x00007ffe1f8b0000 - 0x00007ffe1f8ba000 	C:\Windows\System32\rasadhlp.dll
0x00007ffe1fa90000 - 0x00007ffe1fb10000 	C:\WINDOWS\System32\fwpuclnt.dll

VM Arguments:
jvm_args: -Dfile.encoding=UTF-8 -agentlib:jdwp=transport=dt_socket,server=n,suspend=y,address=127.0.0.1:54438 -Xmx3G -Dfile.encoding=UTF-8 -Duser.country=CN -Duser.language=zh -Duser.variant 
java_command: org.gradle.launcher.daemon.bootstrap.GradleDaemon 4.9
java_class_path (initial): C:\Users\Admin\.gradle\wrapper\dists\gradle-4.9-bin\e9cinqnqvph59rr7g70qubb4t\gradle-4.9\lib\gradle-launcher-4.9.jar
Launcher Type: SUN_STANDARD

Environment Variables:
JAVA_TOOL_OPTIONS= -Dfile.encoding=UTF-8
PATH=C:\Program Files\Microsoft MPI\Bin\;C:\Program Files (x86)\Common Files\Oracle\Java\javapath;C:\ProgramData\Oracle\Java\javapath;C:\Program Files\Common Files\Oracle\Java\javapath;C:\WINDOWS\system32;C:\WINDOWS;C:\WINDOWS\System32\Wbem;C:\WINDOWS\System32\WindowsPowerShell\v1.0\;C:\WINDOWS\System32\OpenSSH\;D:\Program Files\nodejs\;C:\Program Files\Azure Data Studio\bin;C:\Program Files\Microsoft SQL Server\Client SDK\ODBC\170\Tools\Binn\;C:\Program Files (x86)\Microsoft SQL Server\150\Tools\Binn\;C:\Program Files\Microsoft SQL Server\150\Tools\Binn\;C:\Program Files\Microsoft SQL Server\150\DTS\Binn\;d:\Program Files (x86)\Lua\5.1;d:\Program Files (x86)\Lua\5.1\clibs;D:\test\Xshell 7\;D:\test\Xftp 7\;D:\Program Files (x86)\Tencent\微信web开发者工具\dll;C:\Users\Admin\AppData\Local\Programs\Python\Python38-32\Scripts\;C:\Users\Admin\AppData\Local\Programs\Python\Python38-32\;C:\Users\Admin\AppData\Local\Microsoft\WindowsApps;C:\Users\Admin\AppData\Roaming\npm;C:\Program Files\Bandizip\;C:\Program Files\Azure Data Studio\bin;D:\Users\Admin\AppData\Local\Programs\Fiddler
USERNAME=Admin
OS=Windows_NT
PROCESSOR_IDENTIFIER=Intel64 Family 6 Model 60 Stepping 3, GenuineIntel



---------------  S Y S T E M  ---------------

OS: Windows 10.0 , 64 bit Build 19041 (10.0.19041.1889)

CPU:total 4 (initial active 4) (2 cores per cpu, 2 threads per core) family 6 model 60 stepping 3, cmov, cx8, fxsr, mmx, sse, sse2, sse3, ssse3, sse4.1, sse4.2, popcnt, avx, avx2, aes, clmul, erms, lzcnt, ht, tsc, tscinvbit, bmi1, bmi2

Memory: 4k page, physical 8259252k(1477476k free), swap 8750276k(5416k free)

vm_info: Java HotSpot(TM) 64-Bit Server VM (25.241-b07) for windows-amd64 JRE (1.8.0_241-b07), built on Dec 11 2019 10:21:40 by "rejava" with MS VC++ 10.0 (VS2010)

time: Sat Oct 15 22:13:06 2022
timezone: 中国标准时间
elapsed time: 112 seconds (0d 0h 1m 52s)

