JvmtiExport can_access_local_variables 1
JvmtiExport can_hotswap_or_post_breakpoint 1
JvmtiExport can_post_on_exceptions 1
# 151 ciObject found
ciMethod java/lang/Object <init> ()V 4097 1 935795 0 -1
ciMethod java/lang/Object toString ()Ljava/lang/String; 0 0 23 0 -1
ciMethod java/lang/String format (Ljava/lang/String;[Ljava/lang/Object;)Ljava/lang/String; 25 1 493 0 -1
ciMethod java/lang/AbstractStringBuilder <init> (I)V 1329 1 110342 0 -1
ciMethod java/lang/StringBuilder <init> ()V 1001 1 76510 0 -1
ciMethodData java/lang/Object <init> ()V 2 935795 orig 264 24 228 238 116 0 0 0 0 128 4 59 25 0 0 0 0 32 1 0 0 0 0 0 0 0 0 0 0 0 0 0 0 0 0 0 0 0 0 0 0 0 0 0 0 0 0 0 0 0 0 0 0 0 0 0 0 0 0 0 0 0 0 0 0 0 0 0 0 0 0 0 0 0 0 0 0 0 0 0 0 77 68 79 32 101 120 116 114 97 32 100 97 116 97 32 108 111 99 107 0 0 0 0 0 0 0 0 0 0 0 0 0 0 0 0 0 0 0 0 0 0 0 0 0 0 0 0 0 0 0 0 0 0 0 0 0 0 0 0 0 0 0 0 0 0 0 0 0 0 0 0 0 0 0 0 0 0 0 0 0 0 0 0 0 0 0 0 0 0 0 0 0 0 0 0 0 0 0 0 0 0 0 0 0 0 0 0 0 0 0 0 0 0 0 0 0 0 0 0 0 0 0 0 0 0 0 0 0 0 0 0 0 0 0 0 0 0 2 0 0 153 43 114 0 1 0 0 0 0 0 0 0 0 0 0 0 2 0 0 0 0 0 3 0 1 0 0 0 0 0 0 0 255 255 255 255 0 0 0 0 0 0 0 0 data 0 oops 0
ciMethod java/util/Locale getDefault (Ljava/util/Locale$Category;)Ljava/util/Locale; 25 1 625 0 -1
ciMethodData java/lang/StringBuilder <init> ()V 2 76510 orig 264 24 228 238 116 0 0 0 0 96 163 66 25 0 0 0 0 48 1 0 0 0 0 0 0 0 0 0 0 0 0 0 0 0 0 0 0 0 0 0 0 0 0 0 0 0 0 0 0 0 0 0 0 0 0 0 0 0 0 0 0 0 0 0 0 0 0 0 0 0 0 0 0 0 0 0 0 0 0 0 0 77 68 79 32 101 120 116 114 97 32 100 97 116 97 32 108 111 99 107 0 0 0 0 0 0 0 0 0 0 0 0 0 0 0 0 0 0 0 0 0 0 0 0 0 0 0 0 0 0 0 0 0 0 0 0 0 0 0 0 0 0 0 0 0 0 0 0 0 0 0 0 0 0 0 0 0 0 0 0 0 0 0 0 0 0 0 0 0 0 0 0 0 0 0 0 0 0 0 0 0 0 0 0 0 0 0 0 0 0 0 0 0 0 0 0 0 0 0 0 0 0 0 0 0 0 0 0 0 0 0 0 0 0 0 0 0 125 0 0 0 9 83 9 0 1 0 0 0 0 0 0 0 0 0 0 0 2 0 0 0 0 0 3 0 2 0 0 0 16 0 0 0 255 255 255 255 2 0 3 0 0 0 0 0 data 2 0x30002 0x12a60 oops 0
ciMethodData java/lang/AbstractStringBuilder <init> (I)V 2 110342 orig 264 24 228 238 116 0 0 0 0 24 100 66 25 0 0 0 0 56 1 0 0 0 0 0 0 0 0 0 0 0 0 0 0 0 0 0 0 0 0 0 0 0 0 0 0 0 0 0 0 0 0 0 0 0 0 0 0 0 0 0 0 0 0 0 0 0 0 0 0 0 0 0 0 0 0 0 0 0 0 0 0 77 68 79 32 101 120 116 114 97 32 100 97 116 97 32 108 111 99 107 0 0 0 0 0 0 0 0 0 0 0 0 0 0 0 0 0 0 0 0 0 0 0 0 0 0 0 0 0 0 0 0 0 0 0 0 0 0 0 0 0 0 0 0 0 0 0 0 0 0 0 0 0 0 0 0 0 0 0 0 0 0 0 0 0 0 0 0 0 0 0 0 0 0 0 0 0 0 0 0 0 0 0 0 0 0 0 0 0 0 0 0 0 0 0 0 0 0 0 0 0 0 0 0 0 0 0 0 0 0 0 0 0 0 0 0 0 166 0 0 0 1 115 13 0 1 0 0 0 0 0 0 0 0 0 0 0 2 0 0 0 0 0 3 0 2 0 0 0 16 0 0 0 255 255 255 255 2 0 1 0 0 0 0 0 data 2 0x10002 0x1ae60 oops 0
ciMethod java/util/Formatter <init> (Ljava/util/Locale;Ljava/lang/Appendable;)V 25 1 496 0 -1
ciMethod java/util/Formatter <init> ()V 25 1 493 0 -1
ciMethod java/util/Formatter getZero (Ljava/util/Locale;)C 25 1 496 0 -1
ciMethod java/util/Formatter toString ()Ljava/lang/String; 25 1 496 0 -1
ciMethod java/util/Formatter ensureOpen ()V 49 1 999 0 -1
ciMethod java/util/Formatter format (Ljava/lang/String;[Ljava/lang/Object;)Ljava/util/Formatter; 25 1 496 0 -1
ciMethod java/util/Formatter format (Ljava/util/Locale;Ljava/lang/String;[Ljava/lang/Object;)Ljava/util/Formatter; 25 129 496 0 -1
ciMethod org/gradle/internal/serialize/Serializer write (Lorg/gradle/internal/serialize/Encoder;Ljava/lang/Object;)V 0 0 1 0 -1
ciMethodData java/lang/String format (Ljava/lang/String;[Ljava/lang/Object;)Ljava/lang/String; 1 493 orig 264 24 228 238 116 0 0 0 0 216 111 59 25 0 0 0 0 192 1 0 0 0 0 0 0 0 0 0 0 0 0 0 0 0 0 0 0 0 0 0 0 0 0 0 0 0 0 0 0 0 0 0 0 0 0 0 0 0 0 0 0 0 0 0 0 0 0 0 0 0 0 0 0 0 0 0 0 0 0 0 0 77 68 79 32 101 120 116 114 97 32 100 97 116 97 32 108 111 99 107 0 0 0 0 0 0 0 0 0 0 0 0 0 0 0 0 0 0 0 0 0 0 0 0 0 0 0 0 0 0 0 0 0 0 0 0 0 0 0 0 0 0 0 0 0 0 0 0 0 0 0 0 0 0 0 0 0 0 0 0 0 0 0 0 0 0 0 0 0 0 0 0 0 0 0 0 0 0 0 0 0 0 0 0 0 0 0 0 0 0 0 0 0 0 0 0 0 0 0 0 0 0 0 0 0 0 0 0 0 0 0 0 0 0 0 0 0 3 0 0 0 81 15 0 0 1 0 0 0 0 0 0 0 0 0 0 0 2 0 0 0 0 0 0 0 0 0 0 0 112 0 0 0 255 255 255 255 2 0 4 0 0 0 0 0 data 14 0x40002 0x1ea 0x90005 0x1ea 0x0 0x0 0x0 0x0 0xc0005 0x1ea 0x0 0x0 0x0 0x0 oops 0
ciMethodData java/util/Formatter <init> ()V 1 493 orig 264 24 228 238 116 0 0 0 0 32 235 117 25 0 0 0 0 120 1 0 0 0 0 0 0 0 0 0 0 0 0 0 0 0 0 0 0 0 0 0 0 0 0 0 0 0 0 0 0 0 0 0 0 0 0 0 0 0 0 0 0 0 0 0 0 0 0 0 0 0 0 0 0 0 0 0 0 0 0 0 0 77 68 79 32 101 120 116 114 97 32 100 97 116 97 32 108 111 99 107 0 0 0 0 0 0 0 0 0 0 0 0 0 0 0 0 0 0 0 0 0 0 0 0 0 0 0 0 0 0 0 0 0 0 0 0 0 0 0 0 0 0 0 0 0 0 0 0 0 0 0 0 0 0 0 0 0 0 0 0 0 0 0 0 0 0 0 0 0 0 0 0 0 0 0 0 0 0 0 0 0 0 0 0 0 0 0 0 0 0 0 0 0 0 0 0 0 0 0 0 0 0 0 0 0 0 0 0 0 0 0 0 0 0 0 0 0 3 0 0 0 81 15 0 0 1 0 0 0 0 0 0 0 0 0 0 0 2 0 0 0 0 0 0 0 0 0 0 0 48 0 0 0 255 255 255 255 2 0 4 0 0 0 0 0 data 6 0x40002 0x1ea 0xb0002 0x1ea 0xe0002 0x1ea oops 0
ciMethodData java/util/Locale getDefault (Ljava/util/Locale$Category;)Ljava/util/Locale; 1 625 orig 264 24 228 238 116 0 0 0 0 32 189 86 25 0 0 0 0 200 2 0 0 112 1 0 0 0 0 0 0 0 0 0 0 0 0 0 0 0 0 0 0 0 0 0 0 0 0 0 0 0 0 0 0 0 0 0 0 0 0 0 0 0 0 0 0 0 0 0 0 0 0 0 0 0 0 0 0 0 0 0 0 77 68 79 32 101 120 116 114 97 32 100 97 116 97 32 108 111 99 107 0 0 0 0 0 0 0 0 0 0 0 0 0 0 0 0 0 0 0 0 0 0 0 0 0 0 0 0 0 0 0 0 0 0 0 0 0 0 0 0 0 0 0 0 0 0 0 0 0 0 0 0 0 0 0 0 0 0 0 0 0 0 0 0 0 0 0 0 0 0 0 0 0 0 0 0 0 0 0 0 0 0 0 0 0 0 0 0 0 0 0 0 0 0 0 0 0 0 0 0 0 0 0 0 0 0 0 0 0 0 0 0 0 0 0 0 0 3 0 0 0 113 19 0 0 1 0 0 0 0 0 0 0 0 0 0 0 2 0 0 0 0 0 27 0 2 0 0 0 128 1 0 0 255 255 255 255 5 0 4 0 0 0 0 0 data 48 0x40005 0x185 0x23567160 0xe9 0x0 0x0 0x80008 0x6 0x0 0x110 0x0 0x40 0x185 0xa8 0x270007 0x0 0x68 0x0 0x320007 0x0 0x30 0x0 0x360002 0x0 0x3e0003 0x0 0x18 0x4d0007 0x26e 0x68 0x0 0x580007 0x0 0x30 0x0 0x5c0002 0x0 0x640003 0x0 0x18 0x730007 0x0 0x30 0x0 0x7c0002 0x0 0x800002 0x0 oops 1 2 java/util/Locale$Category
ciMethodData java/util/Formatter <init> (Ljava/util/Locale;Ljava/lang/Appendable;)V 1 496 orig 264 24 228 238 116 0 0 0 0 208 233 117 25 0 0 0 0 120 1 0 0 0 0 0 0 0 0 0 0 0 0 0 0 0 0 0 0 0 0 0 0 0 0 0 0 0 0 0 0 0 0 0 0 0 0 0 0 0 0 0 0 0 0 0 0 0 0 0 0 0 0 0 0 0 0 0 0 0 0 0 0 77 68 79 32 101 120 116 114 97 32 100 97 116 97 32 108 111 99 107 0 0 0 0 0 0 0 0 0 0 0 0 0 0 0 0 0 0 0 0 0 0 0 0 0 0 0 0 0 0 0 0 0 0 0 0 0 0 0 0 0 0 0 0 0 0 0 0 0 0 0 0 0 0 0 0 0 0 0 0 0 0 0 0 0 0 0 0 0 0 0 0 0 0 0 0 0 0 0 0 0 0 0 0 0 0 0 0 0 0 0 0 0 0 0 0 0 0 0 0 0 0 0 0 0 0 0 0 0 0 0 0 0 0 0 0 0 3 0 0 0 105 15 0 0 1 0 0 0 0 0 0 0 0 0 0 0 2 0 0 0 0 0 0 0 0 0 0 0 32 0 0 0 255 255 255 255 2 0 1 0 0 0 0 0 data 4 0x10002 0x1ed 0x100002 0x1ed oops 0
ciMethodData java/util/Formatter getZero (Ljava/util/Locale;)C 1 496 orig 264 24 228 238 116 0 0 0 0 72 244 117 25 0 0 0 0 248 1 0 0 0 0 0 0 0 0 0 0 0 0 0 0 0 0 0 0 0 0 0 0 0 0 0 0 0 0 0 0 0 0 0 0 0 0 0 0 0 0 0 0 0 0 0 0 0 0 0 0 0 0 0 0 0 0 0 0 0 0 0 0 77 68 79 32 101 120 116 114 97 32 100 97 116 97 32 108 111 99 107 0 0 0 0 0 0 0 0 0 0 0 0 0 0 0 0 0 0 0 0 0 0 0 0 0 0 0 0 0 0 0 0 0 0 0 0 0 0 0 0 0 0 0 0 0 0 0 0 0 0 0 0 0 0 0 0 0 0 0 0 0 0 0 0 0 0 0 0 0 0 0 0 0 0 0 0 0 0 0 0 0 0 0 0 0 0 0 0 0 0 0 0 0 0 0 0 0 0 0 0 0 0 0 0 0 0 0 0 0 0 0 0 0 0 0 0 0 3 0 0 0 105 15 0 0 1 0 0 0 0 0 0 0 0 0 0 0 2 0 0 0 0 0 0 0 0 0 0 0 176 0 0 0 255 255 255 255 7 0 1 0 0 0 0 0 data 22 0x10007 0x0 0xb0 0x1ed 0x80005 0x1ed 0x0 0x0 0x0 0x0 0xb0007 0x0 0x60 0x1ed 0xf0002 0x1ed 0x140005 0x0 0x1e745020 0x1ed 0x0 0x0 oops 1 18 java/text/DecimalFormatSymbols
ciMethodData java/util/Formatter format (Ljava/lang/String;[Ljava/lang/Object;)Ljava/util/Formatter; 1 496 orig 264 24 228 238 116 0 0 0 0 168 249 117 25 0 0 0 0 136 1 0 0 0 0 0 0 0 0 0 0 0 0 0 0 0 0 0 0 0 0 0 0 0 0 0 0 0 0 0 0 0 0 0 0 0 0 0 0 0 0 0 0 0 0 0 0 0 0 0 0 0 0 0 0 0 0 0 0 0 0 0 0 77 68 79 32 101 120 116 114 97 32 100 97 116 97 32 108 111 99 107 0 0 0 0 0 0 0 0 0 0 0 0 0 0 0 0 0 0 0 0 0 0 0 0 0 0 0 0 0 0 0 0 0 0 0 0 0 0 0 0 0 0 0 0 0 0 0 0 0 0 0 0 0 0 0 0 0 0 0 0 0 0 0 0 0 0 0 0 0 0 0 0 0 0 0 0 0 0 0 0 0 0 0 0 0 0 0 0 0 0 0 0 0 0 0 0 0 0 0 0 0 0 0 0 0 0 0 0 0 0 0 0 0 0 0 0 0 3 0 0 0 105 15 0 0 1 0 0 0 0 0 0 0 0 0 0 0 2 0 0 0 0 0 3 0 2 0 0 0 48 0 0 0 255 255 255 255 5 0 7 0 0 0 0 0 data 6 0x70005 0x102 0x23566720 0xeb 0x0 0x0 oops 1 2 java/util/Formatter
ciMethodData java/util/Formatter format (Ljava/util/Locale;Ljava/lang/String;[Ljava/lang/Object;)Ljava/util/Formatter; 1 2374 orig 264 24 228 238 116 0 0 0 0 112 251 117 25 0 0 0 0 160 5 0 0 16 0 0 0 0 0 0 0 0 0 0 0 0 0 0 0 0 0 0 0 0 0 0 0 0 0 0 0 0 0 0 0 0 0 0 0 0 0 0 0 0 0 0 0 0 0 0 0 0 0 0 0 0 0 0 0 0 0 0 0 77 68 79 32 101 120 116 114 97 32 100 97 116 97 32 108 111 99 107 0 0 0 0 0 0 0 0 0 0 0 0 0 0 0 0 0 0 0 0 0 0 0 0 0 0 0 0 0 0 0 0 0 0 0 0 0 0 0 0 0 0 0 0 0 0 0 0 0 0 0 0 0 0 0 0 0 0 0 0 0 0 0 0 0 0 0 0 0 0 0 0 0 0 0 0 0 0 0 0 0 0 0 0 0 0 0 0 0 0 0 0 0 0 0 0 0 0 0 0 0 0 0 0 0 0 0 0 0 0 0 0 0 0 0 0 0 16 0 0 0 105 15 0 0 177 73 0 0 0 0 0 0 0 0 0 0 2 0 0 0 1 0 44 0 2 0 0 0 64 4 0 0 255 255 255 255 2 0 1 0 0 0 0 0 data 136 0x10002 0x1ed 0xc0002 0x1ed 0x190007 0x1ed 0x420 0x936 0x250005 0x0 0x1e7467c0 0x3ee 0x1e746870 0x548 0x2e0008 0x8 0x0 0x2b8 0x4ac 0x50 0x0 0x98 0x369 0x1b8 0x4c0005 0x0 0x1e746870 0x548 0x0 0x0 0x510003 0x548 0x320 0x560007 0x0 0x60 0x0 0x5a0007 0x0 0x80 0x0 0x630007 0x0 0x60 0x0 0x6c0005 0x0 0x0 0x0 0x0 0x0 0x710002 0x0 0x780007 0x0 0x38 0x0 0x7c0003 0x0 0x18 0x840005 0x0 0x0 0x0 0x0 0x0 0x890003 0x0 0x200 0x940007 0x0 0x80 0x3ee 0x9d0007 0x3ee 0x60 0x0 0xa60005 0x0 0x0 0x0 0x0 0x0 0xab0002 0x0 0xb20007 0x3ee 0x38 0x0 0xb60003 0x0 0x18 0xbe0005 0x0 0x1e7467c0 0x3ee 0x0 0x0 0xc30003 0x3ee 0x100 0xcd0007 0x0 0x80 0x0 0xd60007 0x0 0x60 0x0 0xdf0005 0x0 0x0 0x0 0x0 0x0 0xe40002 0x0 0xeb0007 0x0 0x38 0x0 0xef0003 0x0 0x18 0xf70005 0x0 0x0 0x0 0x0 0x0 0xfc0003 0x936 0x18 0x10a0003 0x936 0xfffffffffffffbf8 oops 4 10 java/util/Formatter$FormatSpecifier 12 java/util/Formatter$FixedString 26 java/util/Formatter$FixedString 94 java/util/Formatter$FormatSpecifier
ciMethodData java/util/Formatter toString ()Ljava/lang/String; 1 496 orig 264 24 228 238 116 0 0 0 0 24 246 117 25 0 0 0 0 136 1 0 0 0 0 0 0 0 0 0 0 0 0 0 0 0 0 0 0 0 0 0 0 0 0 0 0 0 0 0 0 0 0 0 0 0 0 0 0 0 0 0 0 0 0 0 0 0 0 0 0 0 0 0 0 0 0 0 0 0 0 0 0 77 68 79 32 101 120 116 114 97 32 100 97 116 97 32 108 111 99 107 0 0 0 0 0 0 0 0 0 0 0 0 0 0 0 0 0 0 0 0 0 0 0 0 0 0 0 0 0 0 0 0 0 0 0 0 0 0 0 0 0 0 0 0 0 0 0 0 0 0 0 0 0 0 0 0 0 0 0 0 0 0 0 0 0 0 0 0 0 0 0 0 0 0 0 0 0 0 0 0 0 0 0 0 0 0 0 0 0 0 0 0 0 0 0 0 0 0 0 0 0 0 0 0 0 0 0 0 0 0 0 0 0 0 0 0 0 3 0 0 0 105 15 0 0 1 0 0 0 0 0 0 0 0 0 0 0 2 0 0 0 0 0 0 0 0 0 0 0 64 0 0 0 255 255 255 255 2 0 1 0 0 0 0 0 data 8 0x10002 0x1ed 0x80005 0x0 0x19d6d930 0x1ed 0x0 0x0 oops 1 4 java/lang/StringBuilder
ciMethodData java/util/Formatter ensureOpen ()V 1 999 orig 264 24 228 238 116 0 0 0 0 120 248 117 25 0 0 0 0 80 1 0 0 0 0 0 0 0 0 0 0 0 0 0 0 0 0 0 0 0 0 0 0 0 0 0 0 0 0 0 0 0 0 0 0 0 0 0 0 0 0 0 0 0 0 0 0 0 0 0 0 0 0 0 0 0 0 0 0 0 0 0 0 77 68 79 32 101 120 116 114 97 32 100 97 116 97 32 108 111 99 107 0 0 0 0 0 0 0 0 0 0 0 0 0 0 0 0 0 0 0 0 0 0 0 0 0 0 0 0 0 0 0 0 0 0 0 0 0 0 0 0 0 0 0 0 0 0 0 0 0 0 0 0 0 0 0 0 0 0 0 0 0 0 0 0 0 0 0 0 0 0 0 0 0 0 0 0 0 0 0 0 0 0 0 0 0 0 0 0 0 0 0 0 0 0 0 0 0 0 0 0 0 0 0 0 0 0 0 0 0 0 0 0 0 0 0 0 0 6 0 0 0 9 31 0 0 1 0 0 0 0 0 0 0 0 0 0 0 2 0 0 0 0 0 5 0 2 0 0 0 48 0 0 0 255 255 255 255 7 0 4 0 0 0 0 0 data 6 0x40007 0x3e1 0x30 0x0 0xb0002 0x0 oops 0
ciMethod org/gradle/internal/serialize/Serializers$StatefulSerializerAdapter access$000 (Lorg/gradle/internal/serialize/Serializers$StatefulSerializerAdapter;)Lorg/gradle/internal/serialize/Serializer; 1025 1 128 0 -1
ciMethod org/gradle/internal/serialize/ObjectWriter write (Ljava/lang/Object;)V 0 0 1 0 -1
ciMethod org/gradle/internal/remote/internal/inet/SocketConnection dispatch (Ljava/lang/Object;)V 2049 1 256 0 -1
ciMethod org/gradle/internal/remote/internal/RecoverableMessageIOException <init> (Ljava/lang/String;Ljava/lang/Throwable;)V 0 0 1 0 -1
ciMethod org/gradle/internal/remote/internal/MessageIOException <init> (Ljava/lang/String;Ljava/lang/Throwable;)V 0 0 1 0 -1
ciMethod org/gradle/internal/serialize/Serializers$StatefulSerializerAdapter$2 write (Ljava/lang/Object;)V 2049 1 256 0 -1
ciMethodData org/gradle/internal/remote/internal/inet/SocketConnection dispatch (Ljava/lang/Object;)V 1 256 orig 264 24 228 238 116 0 0 0 0 136 30 144 29 0 0 0 0 152 3 0 0 0 0 0 0 0 0 0 0 0 0 0 0 0 0 0 0 0 0 0 0 0 0 0 0 0 0 0 0 0 0 0 0 0 0 0 0 0 0 0 0 0 0 0 0 0 0 0 0 0 0 0 0 0 0 0 0 0 0 0 0 77 68 79 32 101 120 116 114 97 32 100 97 116 97 32 108 111 99 107 0 0 0 0 0 0 0 0 0 0 0 0 0 0 0 0 0 0 0 0 0 0 0 0 0 0 0 0 0 0 0 0 0 0 0 0 0 0 0 0 0 0 0 0 0 0 0 0 0 0 0 0 0 0 0 0 0 0 0 0 0 0 0 0 0 0 0 0 0 0 0 0 0 0 0 0 0 0 0 0 0 0 0 0 0 0 0 0 0 0 0 0 0 0 0 0 0 0 0 0 0 0 0 0 0 0 0 0 0 0 0 0 0 0 0 0 0 0 1 0 0 1 0 0 0 1 0 0 0 0 0 0 0 0 0 0 0 2 0 0 0 0 0 0 0 0 0 0 0 72 2 0 0 255 255 255 255 5 0 5 0 0 0 0 0 data 73 0x50005 0x0 0x0 0x0 0x0 0x0 0xa0003 0x0 0x218 0x1b0004 0x0 0x0 0x0 0x0 0x0 0x220004 0x0 0x0 0x0 0x0 0x0 0x230002 0x0 0x270002 0x0 0x390004 0x0 0x0 0x0 0x0 0x0 0x400004 0x0 0x0 0x0 0x0 0x0 0x410002 0x0 0x450002 0x0 0x570004 0x0 0x0 0x0 0x0 0x0 0x5e0004 0x0 0x0 0x0 0x0 0x0 0x5f0002 0x0 0x630002 0x0 0x750004 0x0 0x0 0x0 0x0 0x0 0x7c0004 0x0 0x0 0x0 0x0 0x0 0x7d0002 0x0 0x810002 0x0 oops 0
ciMethodData org/gradle/internal/serialize/Serializers$StatefulSerializerAdapter$2 write (Ljava/lang/Object;)V 1 256 orig 264 24 228 238 116 0 0 0 0 192 221 145 29 0 0 0 0 144 1 0 0 0 0 0 0 0 0 0 0 0 0 0 0 0 0 0 0 0 0 0 0 0 0 0 0 0 0 0 0 0 0 0 0 0 0 0 0 0 0 0 0 0 0 0 0 0 0 0 0 0 0 0 0 0 0 0 0 0 0 0 0 77 68 79 32 101 120 116 114 97 32 100 97 116 97 32 108 111 99 107 0 0 0 0 0 0 0 0 0 0 0 0 0 0 0 0 0 0 0 0 0 0 0 0 0 0 0 0 0 0 0 0 0 0 0 0 0 0 0 0 0 0 0 0 0 0 0 0 0 0 0 0 0 0 0 0 0 0 0 0 0 0 0 0 0 0 0 0 0 0 0 0 0 0 0 0 0 0 0 0 0 0 0 0 0 0 0 0 0 0 0 0 0 0 0 0 0 0 0 0 0 0 0 0 0 0 0 0 0 0 0 0 0 0 0 0 0 0 1 0 0 1 0 0 0 1 0 0 0 0 0 0 0 0 0 0 0 2 0 0 0 0 0 0 0 0 0 0 0 64 0 0 0 255 255 255 255 2 0 4 0 0 0 0 0 data 8 0x40002 0x0 0xc0005 0x0 0x0 0x0 0x0 0x0 oops 0
instanceKlass org/gradle/process/internal/streams/ExecOutputHandleRunner
instanceKlass java/lang/ProcessImpl$2
instanceKlass net/rubygrapefruit/platform/internal/jni/WindowsHandleFunctions
instanceKlass org/gradle/internal/operations/CurrentBuildOperationPreservingRunnable
instanceKlass org/gradle/process/internal/ProcessBuilderFactory
instanceKlass org/gradle/process/internal/DefaultExecHandle$CompositeStreamsHandler
instanceKlass java/lang/ProcessBuilder
instanceKlass org/gradle/process/internal/ExecHandleRunner
instanceKlass org/gradle/process/internal/ExecHandleListener
instanceKlass org/gradle/process/internal/ExecHandleShutdownHookAction
instanceKlass net/rubygrapefruit/platform/internal/DefaultProcessLauncher
instanceKlass net/rubygrapefruit/platform/internal/WindowsProcessLauncher
instanceKlass net/rubygrapefruit/platform/internal/WrapperProcessLauncher
instanceKlass org/gradle/process/internal/DefaultExecHandle
instanceKlass org/gradle/process/internal/ProcessSettings
instanceKlass org/gradle/process/internal/streams/OutputStreamsForwarder
instanceKlass com/intellij/openapi/externalSystem/rt/execution/ForkedDebuggerHelper
instanceKlass net/minecraftforge/gradle/common/util/Utils$$Lambda$112
instanceKlass net/minecraftforge/gradle/common/util/Utils$$Lambda$111
instanceKlass net/minecraftforge/gradle/common/util/Utils$$Lambda$110
instanceKlass sun/security/ssl/SecureKey
instanceKlass java/util/concurrent/Executors$DefaultThreadFactory
instanceKlass net/minecraftforge/gradle/common/util/Utils$1
instanceKlass net/minecraftforge/gradle/common/task/DownloadAssets$AssetIndex
instanceKlass org/gradle/api/internal/changedetection/changes/NoOutputsArtifactState$1
instanceKlass org/gradle/caching/internal/tasks/BuildCacheKeyInputs
instanceKlass org/gradle/caching/internal/tasks/TaskOutputCachingBuildCacheKey
instanceKlass org/gradle/caching/BuildCacheKey
instanceKlass org/gradle/api/internal/changedetection/changes/NoOutputsArtifactState
instanceKlass org/gradle/cache/internal/btree/BTreePersistentIndexedCache$DataBlockUpdateResult
instanceKlass org/gradle/cache/internal/DefaultMultiProcessSafePersistentIndexedCache$2
instanceKlass org/gradle/cache/internal/AsyncCacheAccessDecoratedCache$2
instanceKlass com/google/common/cache/RemovalNotification
instanceKlass org/gradle/api/internal/tasks/execution/ExecuteActionsTaskExecuter$1
instanceKlass org/gradle/internal/logging/compatbridge/LoggingManagerInternalCompatibilityBridge
instanceKlass org/gradle/api/internal/tasks/execution/OutputDirectoryCreatingTaskExecuter$1
instanceKlass org/gradle/api/internal/changedetection/changes/ShortCircuitTaskArtifactStateRepository$RerunTaskArtifactState
instanceKlass org/gradle/api/internal/file/collections/DirectoryTrees
instanceKlass org/gradle/execution/taskgraph/DefaultTaskPlanExecutor$ExecutorWorker$3
instanceKlass org/gradle/tooling/internal/protocol/events/InternalOperationFinishedProgressEvent
instanceKlass org/gradle/internal/logging/events/StyledTextOutputEvent$Span
instanceKlass org/gradle/internal/logging/events/operations/StyledTextBuildOperationProgressDetails$Span
instanceKlass org/gradle/api/internal/tasks/execution/statistics/TaskExecutionStatisticsEventAdapter$1
instanceKlass org/gradle/api/execution/internal/ExecuteTaskBuildOperationResult
instanceKlass org/gradle/internal/execution/ExecuteTaskBuildOperationType$Result
instanceKlass org/gradle/api/internal/changedetection/state/OrderInsensitiveTaskFilePropertyCompareStrategy$IncrementalFileSnapshotWithAbsolutePath
instanceKlass com/google/common/collect/MultimapBuilder$MultimapBuilderWithKeys
instanceKlass com/google/common/collect/MultimapBuilder
instanceKlass org/gradle/api/internal/changedetection/rules/AbstractNamedFileSnapshotTaskStateChanges$1
instanceKlass org/gradle/api/internal/changedetection/rules/CachingTaskStateChanges$CachingVisitor
instanceKlass org/gradle/api/internal/changedetection/rules/SortedMapDiffUtil
instanceKlass org/gradle/api/internal/changedetection/rules/AbstractPropertyTaskStateChanges$1
instanceKlass org/gradle/api/internal/changedetection/rules/SummaryTaskStateChanges$ChangeDetectingVisitor
instanceKlass org/gradle/api/internal/changedetection/rules/MaximumNumberTaskStateChangeVisitor
instanceKlass org/gradle/api/internal/changedetection/rules/SummaryTaskStateChanges
instanceKlass org/gradle/api/internal/changedetection/rules/ErrorHandlingTaskStateChanges
instanceKlass org/gradle/api/internal/changedetection/rules/CachingTaskStateChanges
instanceKlass org/gradle/api/internal/changedetection/rules/AbstractNamedFileSnapshotTaskStateChanges
instanceKlass org/gradle/api/internal/changedetection/rules/InputPropertyValueTaskStateChanges
instanceKlass org/gradle/api/internal/changedetection/rules/PropertyDiffListener
instanceKlass org/gradle/api/internal/changedetection/rules/AbstractPropertyTaskStateChanges
instanceKlass org/gradle/api/internal/changedetection/rules/TaskTypeTaskStateChanges
instanceKlass org/gradle/api/internal/changedetection/rules/DescriptiveChange
instanceKlass org/gradle/api/internal/changedetection/rules/PreviousSuccessTaskStateChanges
instanceKlass org/gradle/api/internal/changedetection/rules/TaskStateChanges
instanceKlass org/gradle/api/internal/changedetection/rules/DefaultTaskUpToDateState
instanceKlass org/gradle/api/internal/OverlappingOutputs
instanceKlass org/gradle/api/internal/changedetection/state/DefaultFileSystemSnapshotter$4
instanceKlass org/gradle/api/internal/changedetection/state/OutputPathNormalizationStrategy
instanceKlass org/gradle/api/internal/changedetection/state/DirectoryTreeDetails
instanceKlass org/gradle/api/internal/changedetection/state/DirectoryFileSnapshot
instanceKlass org/gradle/api/internal/changedetection/state/DefaultFileSystemSnapshotter$FileVisitorImpl
instanceKlass org/gradle/api/internal/changedetection/state/FileCollectionVisitingSnapshotBuilder
instanceKlass org/gradle/api/internal/tasks/compile/processing/AnnotationProcessorDeclaration
instanceKlass org/gradle/api/internal/artifacts/ivyservice/ShortCircuitEmptyConfigurationResolver$EmptyResolvedConfiguration
instanceKlass org/gradle/internal/component/model/DefaultCompatibilityCheckResult
instanceKlass sun/net/www/protocol/http/HttpURLConnection$10
instanceKlass sun/net/www/http/KeepAliveStreamCleaner$2
instanceKlass sun/net/www/http/KeepAliveStreamCleaner$1
instanceKlass sun/net/www/http/Hurryable
instanceKlass net/minecraftforge/gradle/common/util/Utils$$Lambda$109
instanceKlass org/gradle/internal/component/model/AttributeConfigurationSelector
instanceKlass org/gradle/process/internal/health/memory/JvmMemoryStatusSnapshot
instanceKlass org/gradle/api/internal/changedetection/state/CacheBackedTaskHistoryRepository$3
instanceKlass com/google/common/collect/SortedLists
instanceKlass org/gradle/api/internal/changedetection/state/AbstractTaskExecution
instanceKlass org/gradle/api/internal/changedetection/state/NullValueSnapshot
instanceKlass org/gradle/api/internal/changedetection/state/ListValueSnapshot
instanceKlass org/gradle/api/internal/changedetection/state/ImplementationSnapshot
instanceKlass org/gradle/api/internal/changedetection/state/AbstractNormalizedFileSnapshot
instanceKlass org/gradle/api/internal/tasks/OriginTaskExecutionMetadata
instanceKlass org/gradle/cache/internal/btree/FreeListBlockStore$FreeListEntry
instanceKlass org/gradle/api/internal/changedetection/changes/DefaultTaskArtifactStateRepository$MessageCollectingChangeVisitor
instanceKlass org/gradle/api/internal/tasks/DefaultTaskValidationContext
instanceKlass org/gradle/api/tasks/util/internal/CachingPatternSpecFactory$CachingSpec$1
instanceKlass org/gradle/api/tasks/util/internal/CachingPatternSpecFactory$CacheKey
instanceKlass org/gradle/api/internal/file/AbstractFileTreeElement
instanceKlass java/nio/file/Files$3
instanceKlass java/nio/file/FileTreeWalker$Event
instanceKlass java/nio/file/FileTreeWalker$DirectoryNode
instanceKlass java/util/ArrayDeque$DeqIterator
instanceKlass java/nio/file/FileTreeWalker$1
instanceKlass java/nio/file/FileTreeWalker
instanceKlass org/gradle/api/internal/file/collections/jdk7/Jdk7DirectoryWalker$1
instanceKlass org/gradle/api/file/ReproducibleFileVisitor
instanceKlass org/gradle/api/tasks/util/internal/CachingPatternSpecFactory$CachingSpec
instanceKlass org/gradle/api/internal/file/RelativePathSpec
instanceKlass org/gradle/api/internal/file/pattern/AnythingMatcher
instanceKlass org/gradle/api/internal/file/pattern/FixedPatternStep
instanceKlass org/gradle/api/internal/file/pattern/PatternMatcherFactory$PathMatcherBackedSpec
instanceKlass org/gradle/api/internal/file/pattern/HasSuffixPatternStep
instanceKlass org/gradle/api/internal/file/pattern/HasPrefixPatternStep
instanceKlass org/gradle/api/internal/file/pattern/HasPrefixAndSuffixPatternStep
instanceKlass org/gradle/api/internal/file/pattern/AnyWildcardPatternStep
instanceKlass org/gradle/api/internal/file/pattern/PatternStep
instanceKlass org/gradle/api/internal/file/pattern/PatternStepFactory
instanceKlass org/gradle/api/internal/file/pattern/FixedStepPathMatcher
instanceKlass org/gradle/api/internal/file/pattern/GreedyPathMatcher
instanceKlass org/gradle/api/internal/file/pattern/EndOfPathMatcher
instanceKlass org/gradle/api/internal/file/pattern/PathMatcher
instanceKlass org/gradle/api/internal/file/pattern/PatternMatcherFactory
instanceKlass org/gradle/api/tasks/util/internal/CachingPatternSpecFactory$1
instanceKlass org/gradle/api/tasks/util/internal/CachingPatternSpecFactory$SpecKey
instanceKlass org/apache/tools/ant/util/SymbolicLinkUtils
instanceKlass org/apache/tools/ant/util/FileUtils
instanceKlass org/apache/tools/ant/taskdefs/condition/Os
instanceKlass org/apache/tools/ant/DirectoryScanner
instanceKlass org/apache/tools/ant/types/selectors/SelectorScanner
instanceKlass org/apache/tools/ant/FileScanner
instanceKlass org/gradle/api/file/EmptyFileVisitor
instanceKlass org/gradle/api/internal/file/collections/AbstractDirectoryWalker
instanceKlass org/gradle/api/internal/file/collections/jdk7/Jdk7DirectoryWalker
instanceKlass org/gradle/api/internal/file/collections/DefaultDirectoryWalkerFactory
instanceKlass org/gradle/api/internal/file/collections/DirectoryWalker
instanceKlass org/gradle/api/internal/changedetection/state/CacheBackedTaskHistoryRepository$1
instanceKlass org/gradle/normalization/internal/DefaultInputNormalizationHandler
instanceKlass org/gradle/normalization/internal/InputNormalizationHandlerInternal
instanceKlass org/gradle/normalization/internal/DefaultRuntimeClasspathNormalization
instanceKlass org/gradle/api/internal/changedetection/rules/TaskStateChangeVisitor
instanceKlass org/gradle/api/internal/changedetection/rules/TaskUpToDateState
instanceKlass org/gradle/api/internal/changedetection/state/TaskExecution
instanceKlass org/gradle/api/internal/changedetection/changes/DefaultTaskArtifactStateRepository$TaskArtifactStateImpl
instanceKlass org/gradle/api/internal/TaskExecutionHistory
instanceKlass org/gradle/tooling/internal/provider/events/DefaultTaskDescriptor
instanceKlass org/gradle/tooling/internal/protocol/events/InternalTaskDescriptor
instanceKlass org/gradle/tooling/internal/protocol/events/InternalOperationDescriptor
instanceKlass org/gradle/tooling/internal/provider/events/AbstractProgressEvent
instanceKlass org/gradle/tooling/internal/protocol/events/InternalOperationStartedProgressEvent
instanceKlass org/gradle/tooling/internal/protocol/events/InternalProgressEvent
instanceKlass org/gradle/api/internal/tasks/execution/EventFiringTaskExecuter$1
instanceKlass org/gradle/api/internal/tasks/execution/EventFiringTaskExecuter
instanceKlass org/gradle/api/internal/tasks/execution/CatchExceptionTaskExecuter
instanceKlass org/gradle/api/internal/tasks/execution/ExecuteAtMostOnceTaskExecuter
instanceKlass org/gradle/api/internal/tasks/execution/SkipOnlyIfTaskExecuter
instanceKlass org/gradle/api/internal/tasks/execution/SkipTaskWithNoActionsExecuter
instanceKlass org/gradle/api/internal/tasks/execution/ResolveTaskArtifactStateTaskExecuter
instanceKlass org/gradle/api/internal/tasks/execution/CleanupStaleOutputsExecuter
instanceKlass org/gradle/api/internal/tasks/execution/FinalizeInputFilePropertiesTaskExecuter
instanceKlass org/gradle/api/internal/tasks/execution/SkipEmptySourceFilesTaskExecuter
instanceKlass org/gradle/api/internal/tasks/TaskValidationContext
instanceKlass org/gradle/api/internal/tasks/execution/ValidatingTaskExecuter
instanceKlass org/gradle/api/internal/tasks/execution/SkipUpToDateTaskExecuter
instanceKlass org/gradle/api/execution/TaskActionListener
instanceKlass org/gradle/api/internal/tasks/execution/ExecuteActionsTaskExecuter
instanceKlass org/gradle/internal/work/DefaultAsyncWorkTracker
instanceKlass org/gradle/caching/internal/tasks/TaskOutputCacheCommandFactory$1
instanceKlass org/gradle/caching/internal/controller/BuildCacheStoreCommand
instanceKlass org/gradle/caching/internal/controller/BuildCacheLoadCommand
instanceKlass org/gradle/caching/internal/tasks/origin/TaskOutputOriginWriter
instanceKlass org/gradle/caching/internal/tasks/origin/TaskOutputOriginReader
instanceKlass com/google/common/io/BaseEncoding$StandardBaseEncoding$1
instanceKlass com/google/common/io/GwtWorkarounds$6
instanceKlass com/google/common/io/GwtWorkarounds
instanceKlass org/gradle/internal/id/UniqueId$1
instanceKlass com/google/common/base/Ascii
instanceKlass com/google/common/io/GwtWorkarounds$ByteOutput
instanceKlass com/google/common/io/GwtWorkarounds$ByteInput
instanceKlass com/google/common/io/GwtWorkarounds$CharOutput
instanceKlass com/google/common/io/GwtWorkarounds$CharInput
instanceKlass com/google/common/io/BaseEncoding
instanceKlass org/gradle/internal/id/UniqueId
instanceKlass org/apache/commons/compress/archivers/ArchiveEntry
instanceKlass org/gradle/caching/internal/tasks/TarTaskOutputPacker
instanceKlass org/gradle/caching/internal/tasks/GZipTaskOutputPacker
instanceKlass org/gradle/api/internal/changedetection/changes/DefaultTaskArtifactStateRepository
instanceKlass org/gradle/api/internal/changedetection/TaskArtifactState
instanceKlass org/gradle/api/internal/changedetection/changes/ShortCircuitTaskArtifactStateRepository
instanceKlass org/gradle/caching/internal/tasks/DebuggingTaskOutputCachingBuildCacheKeyBuilder
instanceKlass org/gradle/caching/internal/tasks/DefaultTaskOutputCachingBuildCacheKeyBuilder
instanceKlass org/gradle/caching/internal/tasks/TaskOutputCachingBuildCacheKeyBuilder
instanceKlass org/gradle/caching/internal/tasks/TaskCacheKeyCalculator
instanceKlass org/gradle/api/internal/changedetection/state/DefaultTaskOutputFilesRepository
instanceKlass org/gradle/api/internal/changedetection/state/InputPropertiesSerializer
instanceKlass org/gradle/api/internal/changedetection/state/TaskHistoryRepository$History
instanceKlass org/gradle/api/internal/changedetection/state/CacheBackedTaskHistoryRepository
instanceKlass org/gradle/internal/serialize/Serializers$1
instanceKlass org/gradle/api/internal/changedetection/state/EmptyFileCollectionSnapshot
instanceKlass org/gradle/api/internal/changedetection/state/MissingFileContentSnapshot
instanceKlass org/gradle/api/internal/changedetection/state/DirContentSnapshot
instanceKlass org/gradle/api/internal/changedetection/state/DefaultFileCollectionSnapshotterRegistry$1
instanceKlass org/gradle/api/internal/changedetection/state/DefaultFileCollectionSnapshotterRegistry
instanceKlass org/gradle/api/internal/changedetection/state/AbiExtractingClasspathResourceHasher
instanceKlass org/gradle/api/internal/changedetection/state/SplitResourceSnapshotterCacheService
instanceKlass org/gradle/api/internal/changedetection/state/DefaultTaskHistoryStore
instanceKlass org/gradle/api/internal/tasks/execution/DefaultTaskExecutionContext
instanceKlass org/gradle/api/internal/tasks/execution/DefaultTaskProperties$3
instanceKlass org/gradle/api/internal/tasks/properties/GetInputPropertiesVisitor$1
instanceKlass org/gradle/api/internal/tasks/properties/CompositePropertyVisitor
instanceKlass org/gradle/api/internal/tasks/execution/DefaultTaskProperties
instanceKlass org/gradle/api/internal/tasks/execution/TaskProperties
instanceKlass org/gradle/execution/taskgraph/DefaultTaskPlanExecutor$ExecutorWorker$2
instanceKlass org/gradle/execution/taskgraph/DefaultTaskPlanExecutor$ExecutorWorker$1
instanceKlass org/gradle/execution/taskgraph/DefaultTaskPlanExecutor$ExecutorWorker
instanceKlass org/gradle/execution/taskgraph/DefaultTaskExecutionGraph$BuildOperationAwareWorkItemExecutor
instanceKlass org/gradle/execution/taskgraph/NotifyTaskGraphWhenReadyBuildOperationType$1
instanceKlass org/gradle/execution/taskgraph/NotifyTaskGraphWhenReadyBuildOperationType$Result
instanceKlass org/gradle/execution/taskgraph/NotifyTaskGraphWhenReadyBuildOperationType
instanceKlass org/gradle/api/internal/tasks/testing/filter/DefaultTestFilter
instanceKlass org/gradle/api/internal/tasks/testing/TestExecutionSpec
instanceKlass org/gradle/api/internal/tasks/testing/TestExecuter
instanceKlass org/gradle/api/tasks/testing/logging/TestLoggingContainer
instanceKlass org/gradle/api/tasks/testing/logging/TestLogging
instanceKlass org/gradle/api/tasks/testing/TestTaskReports
instanceKlass org/gradle/api/internal/tasks/testing/junit/result/TestOutputStore
instanceKlass org/gradle/api/internal/AbstractTask$16
instanceKlass org/codehaus/groovy/runtime/callsite/BooleanReturningMethodInvoker
instanceKlass org/codehaus/groovy/runtime/callsite/CallSiteArray$1
instanceKlass java/io/Console
instanceKlass org/gradle/api/internal/AbstractTask$ClosureTaskAction
instanceKlass org/gradle/api/internal/AbstractTask$15
instanceKlass org/gradle/process/CommandLineArgumentProvider
instanceKlass org/codehaus/groovy/runtime/metaclass/DefaultMetaClassInfo$ConstantMetaClassVersioning
instanceKlass org/codehaus/groovy/runtime/metaclass/DefaultMetaClassInfo
instanceKlass org/codehaus/groovy/runtime/BytecodeInterface8
instanceKlass org/gradle/execution/taskgraph/NotifyTaskGraphWhenReadyBuildOperationType$DetailsImpl
instanceKlass org/gradle/execution/taskgraph/NotifyTaskGraphWhenReadyBuildOperationType$Details
instanceKlass org/gradle/execution/taskgraph/DefaultTaskExecutionGraph$NotifyTaskGraphWhenReady
instanceKlass org/gradle/execution/SelectedTaskExecutionAction$BindAllReferencesOfProjectsToExecuteListener
instanceKlass org/gradle/execution/DefaultBuildExecuter$1
instanceKlass org/gradle/initialization/DefaultGradleLauncher$ExecuteTasks
instanceKlass org/gradle/initialization/DefaultGradleLauncher$CalculateTaskGraph$1
instanceKlass org/gradle/internal/taskgraph/CalculateTaskGraphBuildOperationType$Result
instanceKlass org/gradle/internal/work/DefaultWorkerLeaseService$ProjectLockRegistry$1
instanceKlass org/gradle/execution/taskgraph/DefaultTaskExecutionPlan$MutationInfo
instanceKlass java/util/TreeMap$NavigableSubMap$SubMapIterator
instanceKlass java/util/Collections$ReverseComparator
instanceKlass org/gradle/execution/taskgraph/DefaultTaskExecutionPlan$3
instanceKlass org/gradle/execution/taskgraph/DefaultTaskExecutionPlan$WorkInfoInVisitingSegment
instanceKlass org/gradle/execution/taskgraph/DefaultTaskExecutionPlan$2
instanceKlass org/gradle/execution/taskgraph/DefaultTaskExecutionGraph$5
instanceKlass org/gradle/api/internal/artifacts/ivyservice/ShortCircuitEmptyConfigurationResolver$EmptyResults
instanceKlass org/gradle/api/internal/artifacts/ivyservice/resolveengine/result/DefaultResolutionResultBuilder$RootFactory
instanceKlass org/gradle/api/internal/artifacts/result/DefaultResolvedComponentResult
instanceKlass org/gradle/api/internal/artifacts/ivyservice/resolveengine/result/DetachedComponentResult
instanceKlass org/gradle/api/internal/artifacts/ivyservice/resolveengine/result/CachingDependencyResultFactory
instanceKlass org/gradle/api/artifacts/result/DependencyResult
instanceKlass org/gradle/api/artifacts/result/ResolvedComponentResult
instanceKlass org/gradle/api/internal/artifacts/ivyservice/resolveengine/result/DefaultResolutionResultBuilder
instanceKlass org/gradle/api/internal/tasks/compile/processing/AnnotationProcessorPathFactory$4
instanceKlass org/gradle/internal/Transformers$ToStringTransformer
instanceKlass org/gradle/api/internal/tasks/properties/bean/NestedRuntimeBeanNode$ImplementationPropertyValue
instanceKlass org/gradle/api/tasks/CompileClasspathNormalizer
instanceKlass org/gradle/api/plugins/JavaBasePlugin$5$1
instanceKlass org/gradle/api/internal/file/copy/DelegatingCopySpecInternal
instanceKlass org/gradle/language/base/internal/tasks/StaleClassCleaner
instanceKlass org/gradle/api/internal/tasks/TaskReferenceInternal
instanceKlass org/gradle/api/tasks/TaskReference
instanceKlass org/gradle/api/internal/artifacts/configurations/DefaultConfiguration$ConfigurationTaskDependency$1
instanceKlass org/gradle/api/internal/artifacts/ivyservice/resolveengine/artifact/BuildDependenciesOnlyVisitedArtifactSet$BuildDependenciesOnlySelectedArtifactSet
instanceKlass org/gradle/api/internal/artifacts/ivyservice/resolveengine/artifact/DefaultVisitedArtifactResults$NoArtifactResults
instanceKlass org/gradle/api/internal/artifacts/ivyservice/resolveengine/artifact/BuildDependenciesVisitor
instanceKlass org/gradle/api/tasks/ClasspathNormalizer
instanceKlass org/gradle/api/internal/file/collections/BuildDependenciesOnlyFileCollectionResolveContext
instanceKlass org/gradle/execution/taskgraph/TaskInfoWorkDependencyResolver$1
instanceKlass org/gradle/api/internal/tasks/WorkDependencyResolver$1
instanceKlass org/gradle/api/internal/tasks/CachingTaskDependencyResolveContext$TaskGraphImpl$1
instanceKlass org/gradle/internal/graph/CachingDirectedGraphWalker$NodeDetails
instanceKlass org/gradle/execution/taskgraph/DefaultTaskExecutionPlan$1
instanceKlass org/gradle/execution/TaskSelector$TaskSelection
instanceKlass org/gradle/execution/TaskNameResolver$FixedTaskSelectionResult
instanceKlass org/gradle/api/internal/AbstractTask$14
instanceKlass net/minecraftforge/gradle/common/util/runs/RunConfigGenerator$$Lambda$108
instanceKlass net/minecraftforge/gradle/common/util/runs/RunConfigGenerator$$Lambda$107
instanceKlass net/minecraftforge/gradle/common/util/runs/RunConfigGenerator$$Lambda$106
instanceKlass net/minecraftforge/gradle/common/util/runs/RunConfigGenerator$$Lambda$105
instanceKlass net/minecraftforge/gradle/common/util/runs/RunConfigGenerator$$Lambda$104
instanceKlass net/minecraftforge/gradle/common/util/runs/RunConfigGenerator$$Lambda$103
instanceKlass java/util/stream/Nodes$ArrayNode
instanceKlass java/util/stream/Node$Builder
instanceKlass java/util/stream/Node$OfDouble
instanceKlass java/util/stream/Node$OfLong
instanceKlass java/util/stream/Node$OfInt
instanceKlass java/util/stream/Node$OfPrimitive
instanceKlass java/util/stream/Nodes$EmptyNode
instanceKlass java/util/stream/Node
instanceKlass java/util/stream/Nodes
instanceKlass java/util/stream/ReferencePipeline$$Lambda$102
instanceKlass net/minecraftforge/gradle/common/util/runs/RunConfigGenerator$$Lambda$101
instanceKlass org/gradle/process/internal/JvmOptions
instanceKlass org/gradle/process/internal/JavaForkOptionsInternal
instanceKlass org/gradle/process/internal/streams/SafeStreams
instanceKlass org/gradle/process/internal/streams/EmptyStdInStreamsHandler
instanceKlass org/gradle/process/internal/ExecHandle
instanceKlass org/gradle/process/internal/StreamsHandler
instanceKlass org/gradle/process/internal/DefaultProcessForkOptions
instanceKlass org/gradle/api/tasks/options/Option
instanceKlass org/gradle/api/publish/maven/plugins/MavenPublishPlugin$3$1
instanceKlass org/gradle/api/publish/maven/internal/dependencies/MavenDependencyInternal
instanceKlass org/gradle/api/publish/maven/MavenDependency
instanceKlass org/gradle/api/publish/maven/plugins/MavenPublishPlugin$3
instanceKlass org/gradle/api/publish/maven/tasks/AbstractPublishToMaven$1
instanceKlass org/gradle/api/publish/maven/plugins/MavenPublishPlugin$4
instanceKlass org/gradle/api/publish/maven/internal/artifact/AbstractMavenArtifact
instanceKlass org/gradle/api/publish/maven/plugins/MavenPublishPlugin$5
instanceKlass org/gradle/api/internal/provider/AbstractCollectionProperty$ElementsFromCollection
instanceKlass org/gradle/api/internal/AbstractTask$6
instanceKlass org/gradle/api/publish/tasks/GenerateModuleMetadata$1
instanceKlass org/gradle/api/internal/provider/AbstractCollectionProperty$NoValueCollector
instanceKlass org/gradle/api/internal/provider/AbstractCollectionProperty$EmptyCollection
instanceKlass org/gradle/api/internal/provider/AbstractCollectionProperty$Collector
instanceKlass org/gradle/api/internal/provider/CollectionPropertyInternal
instanceKlass org/gradle/api/publish/maven/plugins/MavenPublishPlugin$6
instanceKlass org/gradle/api/publish/maven/MavenPomCiManagement
instanceKlass org/gradle/api/publish/maven/MavenPomScm
instanceKlass org/gradle/api/publish/maven/MavenPomOrganization
instanceKlass org/gradle/api/publish/maven/MavenPomIssueManagement
instanceKlass org/gradle/api/publish/maven/internal/publication/MavenPomDistributionManagementInternal
instanceKlass org/gradle/api/publish/maven/MavenPomDistributionManagement
instanceKlass org/gradle/api/publish/maven/internal/publication/DefaultMavenPom
instanceKlass org/gradle/api/publish/maven/MavenPomMailingListSpec
instanceKlass org/gradle/api/publish/maven/MavenPomContributorSpec
instanceKlass org/gradle/api/publish/maven/MavenPomDeveloperSpec
instanceKlass org/gradle/api/publish/maven/MavenPomLicenseSpec
instanceKlass org/gradle/api/publish/internal/DefaultPublicationArtifactSet$2
instanceKlass org/gradle/api/publish/maven/internal/artifact/DefaultMavenArtifactSet$ArtifactsFileCollection
instanceKlass org/gradle/api/publish/maven/internal/publication/DefaultMavenPublication$1
instanceKlass org/gradle/api/internal/artifacts/DefaultExcludeRule
instanceKlass org/gradle/api/artifacts/ExcludeRule
instanceKlass org/gradle/api/publish/maven/internal/publication/MavenPomInternal
instanceKlass org/gradle/api/publish/maven/internal/publisher/MavenNormalizedPublication
instanceKlass org/gradle/api/publish/internal/PublicationInternal$PublishedFile
instanceKlass org/gradle/api/publish/maven/MavenPom
instanceKlass org/gradle/api/publish/maven/MavenArtifactSet
instanceKlass org/gradle/api/publish/internal/PublicationArtifactSet
instanceKlass org/gradle/api/publish/maven/internal/publication/DefaultMavenPublication
instanceKlass org/gradle/api/publish/maven/MavenArtifact
instanceKlass org/gradle/api/publish/PublicationArtifact
instanceKlass org/gradle/api/publish/maven/internal/artifact/MavenArtifactNotationParserFactory$PublishArtifactNotationConverter
instanceKlass org/gradle/api/publish/maven/internal/artifact/MavenArtifactNotationParserFactory$ArchiveTaskNotationConverter
instanceKlass org/gradle/api/internal/file/AbstractFileResolver$1
instanceKlass org/gradle/api/publish/maven/internal/artifact/MavenArtifactNotationParserFactory$FileNotationConverter
instanceKlass org/gradle/api/publish/maven/internal/artifact/MavenArtifactNotationParserFactory
instanceKlass org/gradle/api/publish/maven/plugins/MavenPublishPlugin$MavenPublicationFactory$3
instanceKlass org/gradle/api/publish/maven/plugins/MavenPublishPlugin$MavenPublicationFactory$2
instanceKlass org/gradle/api/publish/maven/plugins/MavenPublishPlugin$MavenPublicationFactory$1
instanceKlass org/gradle/api/publish/maven/internal/publication/WritableMavenProjectIdentity
instanceKlass org/gradle/api/publish/maven/plugins/MavenPublishPlugin$2
instanceKlass org/gradle/api/publish/maven/internal/publication/MavenPublicationInternal
instanceKlass org/gradle/api/publish/internal/PublicationInternal
instanceKlass org/gradle/api/publish/maven/internal/publisher/MutableMavenProjectIdentity
instanceKlass org/gradle/api/publish/maven/internal/publisher/MavenProjectIdentity
instanceKlass org/gradle/api/publish/maven/MavenPublication
instanceKlass org/gradle/model/internal/core/NodeBackedModelMap$9
instanceKlass org/gradle/model/internal/core/DefaultModelViewState$1
instanceKlass org/gradle/model/internal/core/DeferredModelAction
instanceKlass org/gradle/model/internal/core/DefaultModelViewState
instanceKlass org/gradle/model/internal/core/NodeBackedModelMap$2
instanceKlass org/gradle/model/internal/manage/schema/extract/FactoryBasedStructNodeInitializerExtractionStrategy
instanceKlass org/gradle/model/internal/typeregistration/BaseInstanceFactory$InternalViewRegistration
instanceKlass org/gradle/model/internal/typeregistration/BaseInstanceFactory$ImplementationRegistration
instanceKlass org/gradle/platform/base/component/internal/DefaultComponentSpec$ComponentInfo
instanceKlass org/gradle/model/internal/typeregistration/BaseInstanceFactory$TypeRegistrationBuilderImpl
instanceKlass org/gradle/model/internal/typeregistration/BaseInstanceFactory$TypeRegistration
instanceKlass org/gradle/platform/base/internal/registry/DefaultTypeBuilder
instanceKlass org/gradle/platform/base/component/internal/ComponentSpecFactory$3
instanceKlass org/gradle/platform/base/component/internal/ComponentSpecFactory$2
instanceKlass org/gradle/platform/base/component/internal/ComponentSpecFactory$1
instanceKlass org/gradle/model/internal/typeregistration/BaseInstanceFactory$ImplementationFactory
instanceKlass org/gradle/model/internal/typeregistration/BaseInstanceFactory$TypeRegistrationBuilder
instanceKlass org/gradle/model/internal/typeregistration/InstanceFactory$ImplementationInfo
instanceKlass org/gradle/model/internal/manage/schema/extract/ManagedImplStructNodeInitializerExtractionStrategy
instanceKlass org/gradle/model/internal/manage/schema/extract/CollectionNodeInitializerExtractionSupport
instanceKlass org/gradle/model/internal/core/DefaultNodeInitializerRegistry
instanceKlass org/gradle/model/internal/inspect/DefaultModelRuleInvoker
instanceKlass org/gradle/model/internal/core/InstanceModelView
instanceKlass org/gradle/model/internal/core/SpecializedModelMapProjection
instanceKlass org/gradle/model/internal/core/ChildNodeInitializerStrategyAccessors$1
instanceKlass org/gradle/execution/TaskNameResolver$MultiProjectTaskSelectionResult
instanceKlass org/gradle/execution/taskpath/ResolvedTaskPath
instanceKlass org/gradle/execution/DefaultBuildConfigurationActionExecuter$1
instanceKlass org/gradle/initialization/DefaultGradleLauncher$CalculateTaskGraph$2
instanceKlass org/gradle/internal/taskgraph/CalculateTaskGraphBuildOperationType$Details
instanceKlass org/gradle/initialization/DefaultGradleLauncher$CalculateTaskGraph
instanceKlass net/minecraftforge/gradle/common/util/runs/RunConfigGenerator$$Lambda$100
instanceKlass net/minecraftforge/gradle/common/util/runs/RunConfigGenerator$$Lambda$99
instanceKlass com/google/common/collect/Hashing
instanceKlass com/google/common/collect/AbstractMapEntry
instanceKlass java/util/AbstractMap$SimpleImmutableEntry
instanceKlass com/google/common/collect/CollectPreconditions
instanceKlass org/apache/commons/lang3/tuple/Triple
instanceKlass com/sun/org/apache/xml/internal/utils/XMLCharacterRecognizer
instanceKlass com/sun/org/apache/xml/internal/dtm/ref/DTMNodeIterator
instanceKlass org/w3c/dom/traversal/NodeIterator
instanceKlass com/sun/org/apache/xml/internal/dtm/DTMAxisTraverser
instanceKlass com/sun/org/apache/xml/internal/dtm/Axis
instanceKlass com/sun/org/apache/xpath/internal/objects/Comparator
instanceKlass com/sun/org/apache/xml/internal/dtm/ref/dom2dtm/DOM2DTMdefaultNamespaceDeclarationNode
instanceKlass org/xml/sax/helpers/LocatorImpl
instanceKlass com/sun/org/apache/xml/internal/utils/TreeWalker
instanceKlass com/sun/org/apache/xml/internal/utils/SuballocatedIntVector
instanceKlass com/sun/org/apache/xml/internal/dtm/ref/DTMDefaultBase
instanceKlass javax/xml/transform/dom/DOMSource
instanceKlass com/sun/org/apache/xml/internal/dtm/ref/DTMNodeProxy
instanceKlass org/w3c/dom/DocumentFragment
instanceKlass org/w3c/dom/Comment
instanceKlass org/w3c/dom/ProcessingInstruction
instanceKlass com/sun/org/apache/xml/internal/dtm/ref/ExpandedNameTable$HashEntry
instanceKlass com/sun/org/apache/xml/internal/dtm/ref/ExtendedType
instanceKlass com/sun/org/apache/xml/internal/dtm/ref/ExpandedNameTable
instanceKlass org/xml/sax/helpers/DefaultHandler
instanceKlass org/xml/sax/ContentHandler
instanceKlass org/xml/sax/DTDHandler
instanceKlass com/sun/org/apache/xml/internal/dtm/DTM
instanceKlass com/sun/org/apache/xml/internal/utils/XMLStringFactory
instanceKlass com/sun/org/apache/xpath/internal/XPathContext$XPathExpressionContext
instanceKlass com/sun/org/apache/xalan/internal/extensions/ExpressionContext
instanceKlass com/sun/org/apache/xml/internal/utils/NodeVector
instanceKlass com/sun/org/apache/xpath/internal/SourceTreeManager
instanceKlass com/sun/org/apache/xpath/internal/VariableStack
instanceKlass com/sun/org/apache/xml/internal/utils/IntVector
instanceKlass com/sun/org/apache/xml/internal/dtm/DTMManager
instanceKlass com/sun/org/apache/xpath/internal/axes/IteratorPool
instanceKlass com/sun/org/apache/xpath/internal/axes/SubContextList
instanceKlass com/sun/org/apache/xpath/internal/axes/PathComponent
instanceKlass com/sun/org/apache/xml/internal/dtm/DTMIterator
instanceKlass com/sun/org/apache/xpath/internal/axes/WalkerFactory
instanceKlass com/sun/org/apache/xml/internal/utils/XMLString
instanceKlass com/sun/org/apache/xpath/internal/compiler/OpMapVector
instanceKlass com/sun/org/apache/xpath/internal/compiler/Lexer
instanceKlass com/sun/org/apache/xml/internal/utils/ObjectVector
instanceKlass com/sun/org/apache/xpath/internal/compiler/OpMap
instanceKlass com/sun/org/apache/xpath/internal/compiler/XPathParser
instanceKlass com/sun/org/apache/xml/internal/utils/DefaultErrorHandler
instanceKlass org/xml/sax/ErrorHandler
instanceKlass com/sun/org/apache/xpath/internal/Expression
instanceKlass com/sun/org/apache/xpath/internal/XPathVisitable
instanceKlass com/sun/org/apache/xpath/internal/ExpressionNode
instanceKlass javax/xml/transform/SourceLocator
instanceKlass com/sun/org/apache/xpath/internal/compiler/FunctionTable
instanceKlass com/sun/org/apache/xpath/internal/XPath
instanceKlass com/sun/org/apache/xpath/internal/ExpressionOwner
instanceKlass javax/xml/namespace/QName$1
instanceKlass javax/xml/namespace/QName
instanceKlass javax/xml/xpath/XPathConstants
instanceKlass com/google/common/collect/ImmutableMap$Builder
instanceKlass net/minecraftforge/gradle/common/util/EclipseHacks$$Lambda$98
instanceKlass net/minecraftforge/gradle/common/util/EclipseHacks$$Lambda$97
instanceKlass org/gradle/plugins/ide/internal/generator/generator/PersistableConfigurationObjectGenerator
instanceKlass org/gradle/plugins/ide/internal/generator/generator/Generator
instanceKlass net/minecraftforge/gradle/common/util/EclipseHacks$$Lambda$96
instanceKlass net/minecraftforge/gradle/common/util/EclipseHacks
instanceKlass net/minecraftforge/gradle/common/util/runs/RunConfigGenerator$$Lambda$95
instanceKlass net/minecraftforge/gradle/common/util/runs/RunConfigGenerator$$Lambda$94
instanceKlass net/minecraftforge/gradle/common/util/runs/RunConfigGenerator$$Lambda$93
instanceKlass java/util/stream/StreamSpliterators$WrappingSpliterator$$Lambda$92
instanceKlass java/lang/invoke/LambdaForm$DMH
instanceKlass net/minecraftforge/gradle/common/util/runs/RunConfigGenerator$$Lambda$91
instanceKlass net/minecraftforge/gradle/common/util/runs/RunConfigGenerator$$Lambda$90
instanceKlass java/util/stream/Streams$2
instanceKlass java/util/stream/Streams
instanceKlass java/util/stream/StreamSpliterators$AbstractWrappingSpliterator
instanceKlass java/util/stream/AbstractPipeline$$Lambda$89
instanceKlass java/util/stream/Streams$ConcatSpliterator
